#
# There is insufficient memory for the Java Runtime Environment to continue.
# Native memory allocation (malloc) failed to allocate 1880976 bytes for Chunk::new
# Possible reasons:
#   The system is out of physical RAM or swap space
#   The process is running with CompressedOops enabled, and the Java Heap may be blocking the growth of the native heap
# Possible solutions:
#   Reduce memory load on the system
#   Increase physical memory or swap space
#   Check if swap backing store is full
#   Decrease Java heap size (-Xmx/-Xms)
#   Decrease number of Java threads
#   Decrease Java thread stack sizes (-Xss)
#   Set larger code cache with -XX:ReservedCodeCacheSize=
#   JVM is running with Unscaled Compressed Oops mode in which the Java heap is
#     placed in the first 4GB address space. The Java Heap base address is the
#     maximum limit for the native heap growth. Please use -XX:HeapBaseMinAddress
#     to set the Java Heap base and to place the Java Heap above 4GB virtual address.
# This output file may be truncated or incomplete.
#
#  Out of Memory Error (arena.cpp:189), pid=40124, tid=14200
#
# JRE version: Java(TM) SE Runtime Environment (17.0.10+11) (build 17.0.10+11-LTS-240)
# Java VM: Java HotSpot(TM) 64-Bit Server VM (17.0.10+11-LTS-240, mixed mode, sharing, tiered, compressed oops, compressed class ptrs, g1 gc, windows-amd64)
# No core dump will be written. Minidumps are not enabled by default on client versions of Windows
#

---------------  S U M M A R Y ------------

Command Line: C:\Users\USER\AppData\Local\Temp\surefire5004088506922410405\surefirebooter-20251017211606283_3.jar C:\Users\USER\AppData\Local\Temp\surefire5004088506922410405 2025-10-17T21-16-00_651-jvmRun1 surefire-20251017211606283_1tmp surefire_0-20251017211606283_2tmp

Host: AMD Ryzen 7 5700U with Radeon Graphics         , 16 cores, 7G,  Windows 11 , 64 bit Build 26100 (10.0.26100.6725)
Time: Fri Oct 17 21:16:16 2025 Sri Lanka Standard Time elapsed time: 10.036639 seconds (0d 0h 0m 10s)

---------------  T H R E A D  ---------------

Current thread (0x000001face446c20):  JavaThread "C2 CompilerThread0" daemon [_thread_in_native, id=14200, stack(0x0000006f07200000,0x0000006f07300000)]


Current CompileTask:
C2:  10036 4139   !   4       org.springframework.beans.factory.support.AbstractBeanFactory::getBeanPostProcessorCache (181 bytes)

Stack: [0x0000006f07200000,0x0000006f07300000]
Native frames: (J=compiled Java code, j=interpreted, Vv=VM code, C=native code)
V  [jvm.dll+0x677a5a]
V  [jvm.dll+0x7d8b2d]
V  [jvm.dll+0x7da48e]
V  [jvm.dll+0x7daaf3]
V  [jvm.dll+0x2455ff]
V  [jvm.dll+0xaaafb]
V  [jvm.dll+0xab09c]
V  [jvm.dll+0x361b5f]
V  [jvm.dll+0x32c211]
V  [jvm.dll+0x32b6aa]
V  [jvm.dll+0x21794f]
V  [jvm.dll+0x216d81]
V  [jvm.dll+0x1a3410]
V  [jvm.dll+0x226aeb]
V  [jvm.dll+0x224cab]
V  [jvm.dll+0x78e45c]
V  [jvm.dll+0x78888a]
V  [jvm.dll+0x676935]
C  [ucrtbase.dll+0x37b0]
C  [KERNEL32.DLL+0x2e8d7]
C  [ntdll.dll+0x8c53c]


---------------  P R O C E S S  ---------------

Threads class SMR info:
_java_thread_list=0x000001fb159bcc20, length=17, elements={
0x000001fab0868380, 0x000001face4218c0, 0x000001face422df0, 0x000001face43dca0,
0x000001face43e660, 0x000001face43fb90, 0x000001face4410c0, 0x000001face446c20,
0x000001face4500b0, 0x000001face466af0, 0x000001fb14214280, 0x000001fb14231a10,
0x000001fb14231f20, 0x000001fb14231500, 0x000001fb1422ec80, 0x000001fb147a9ec0,
0x000001fb148dc5f0
}

Java Threads: ( => current thread )
  0x000001fab0868380 JavaThread "main" [_thread_in_native, id=25904, stack(0x0000006f06500000,0x0000006f06600000)]
  0x000001face4218c0 JavaThread "Reference Handler" daemon [_thread_blocked, id=10184, stack(0x0000006f06c00000,0x0000006f06d00000)]
  0x000001face422df0 JavaThread "Finalizer" daemon [_thread_blocked, id=3060, stack(0x0000006f06d00000,0x0000006f06e00000)]
  0x000001face43dca0 JavaThread "Signal Dispatcher" daemon [_thread_blocked, id=23492, stack(0x0000006f06e00000,0x0000006f06f00000)]
  0x000001face43e660 JavaThread "Attach Listener" daemon [_thread_blocked, id=27332, stack(0x0000006f06f00000,0x0000006f07000000)]
  0x000001face43fb90 JavaThread "Service Thread" daemon [_thread_blocked, id=25968, stack(0x0000006f07000000,0x0000006f07100000)]
  0x000001face4410c0 JavaThread "Monitor Deflation Thread" daemon [_thread_blocked, id=33588, stack(0x0000006f07100000,0x0000006f07200000)]
=>0x000001face446c20 JavaThread "C2 CompilerThread0" daemon [_thread_in_native, id=14200, stack(0x0000006f07200000,0x0000006f07300000)]
  0x000001face4500b0 JavaThread "C1 CompilerThread0" daemon [_thread_blocked, id=10248, stack(0x0000006f07300000,0x0000006f07400000)]
  0x000001face466af0 JavaThread "Sweeper thread" daemon [_thread_blocked, id=1964, stack(0x0000006f07400000,0x0000006f07500000)]
  0x000001fb14214280 JavaThread "C1 CompilerThread1" daemon [_thread_blocked, id=4716, stack(0x0000006f07500000,0x0000006f07600000)]
  0x000001fb14231a10 JavaThread "Notification Thread" daemon [_thread_blocked, id=38916, stack(0x0000006f07600000,0x0000006f07700000)]
  0x000001fb14231f20 JavaThread "Common-Cleaner" daemon [_thread_blocked, id=38044, stack(0x0000006f07800000,0x0000006f07900000)]
  0x000001fb14231500 JavaThread "surefire-forkedjvm-stream-flusher" daemon [_thread_blocked, id=38564, stack(0x0000006f07900000,0x0000006f07a00000)]
  0x000001fb1422ec80 JavaThread "surefire-forkedjvm-command-thread" daemon [_thread_in_native, id=37112, stack(0x0000006f07a00000,0x0000006f07b00000)]
  0x000001fb147a9ec0 JavaThread "C1 CompilerThread2" daemon [_thread_blocked, id=32516, stack(0x0000006f07b00000,0x0000006f07c00000)]
  0x000001fb148dc5f0 JavaThread "C2 CompilerThread1" daemon [_thread_in_native, id=6028, stack(0x0000006f07c00000,0x0000006f07d00000)]

Other Threads:
  0x000001face41d3b0 VMThread "VM Thread" [stack: 0x0000006f06b00000,0x0000006f06c00000] [id=14152]
  0x000001fb142389b0 WatcherThread [stack: 0x0000006f07700000,0x0000006f07800000] [id=27504]
  0x000001fab08be4a0 GCTaskThread "GC Thread#0" [stack: 0x0000006f06600000,0x0000006f06700000] [id=17540]
  0x000001fb14eac870 GCTaskThread "GC Thread#1" [stack: 0x0000006f07d00000,0x0000006f07e00000] [id=16000]
  0x000001fb14bb1810 GCTaskThread "GC Thread#2" [stack: 0x0000006f07e00000,0x0000006f07f00000] [id=29560]
  0x000001fb14e3f570 GCTaskThread "GC Thread#3" [stack: 0x0000006f07f00000,0x0000006f08000000] [id=22536]
  0x000001fb15397c40 GCTaskThread "GC Thread#4" [stack: 0x0000006f08000000,0x0000006f08100000] [id=18124]
  0x000001fb150e8c30 GCTaskThread "GC Thread#5" [stack: 0x0000006f08100000,0x0000006f08200000] [id=40004]
  0x000001fb15378a10 GCTaskThread "GC Thread#6" [stack: 0x0000006f08200000,0x0000006f08300000] [id=39516]
  0x000001fb153792e0 GCTaskThread "GC Thread#7" [stack: 0x0000006f08300000,0x0000006f08400000] [id=37196]
  0x000001fb15bbfc80 GCTaskThread "GC Thread#8" [stack: 0x0000006f08400000,0x0000006f08500000] [id=21324]
  0x000001fb156dfda0 GCTaskThread "GC Thread#9" [stack: 0x0000006f08500000,0x0000006f08600000] [id=13216]
  0x000001fb14f1e710 GCTaskThread "GC Thread#10" [stack: 0x0000006f08600000,0x0000006f08700000] [id=31500]
  0x000001fb15190830 GCTaskThread "GC Thread#11" [stack: 0x0000006f08800000,0x0000006f08900000] [id=41244]
  0x000001fb15191330 GCTaskThread "GC Thread#12" [stack: 0x0000006f08900000,0x0000006f08a00000] [id=28572]
  0x000001fab08eb170 ConcurrentGCThread "G1 Main Marker" [stack: 0x0000006f06700000,0x0000006f06800000] [id=8416]
  0x000001fab08ec320 ConcurrentGCThread "G1 Conc#0" [stack: 0x0000006f06800000,0x0000006f06900000] [id=20608]
  0x000001fb15190570 ConcurrentGCThread "G1 Conc#1" [stack: 0x0000006f08a00000,0x0000006f08b00000] [id=24008]
  0x000001fb15190af0 ConcurrentGCThread "G1 Conc#2" [stack: 0x0000006f08b00000,0x0000006f08c00000] [id=36356]
  0x000001fab092e870 ConcurrentGCThread "G1 Refine#0" [stack: 0x0000006f06900000,0x0000006f06a00000] [id=37248]
  0x000001face2d9110 ConcurrentGCThread "G1 Service" [stack: 0x0000006f06a00000,0x0000006f06b00000] [id=40044]

Threads with active compile tasks:
C2 CompilerThread0    10138 4139   !   4       org.springframework.beans.factory.support.AbstractBeanFactory::getBeanPostProcessorCache (181 bytes)
C2 CompilerThread1    10138 4141       4       org.springframework.beans.factory.support.AbstractAutowireCapableBeanFactory::predictBeanType (128 bytes)

VM state: not at safepoint (normal execution)

VM Mutex/Monitor currently owned by a thread: None

Heap address: 0x000000008ac00000, size: 1876 MB, Compressed Oops mode: 32-bit

CDS archive(s) mapped at: [0x000001facf000000-0x000001facfbd0000-0x000001facfbd0000), size 12386304, SharedBaseAddress: 0x000001facf000000, ArchiveRelocationMode: 1.
Compressed class space mapped at: 0x000001fad0000000-0x000001fb10000000, reserved size: 1073741824
Narrow klass base: 0x000001facf000000, Narrow klass shift: 0, Narrow klass range: 0x100000000

GC Precious Log:
 CPUs: 16 total, 16 available
 Memory: 7501M
 Large Page Support: Disabled
 NUMA Support: Disabled
 Compressed Oops: Enabled (32-bit)
 Heap Region Size: 1M
 Heap Min Capacity: 8M
 Heap Initial Capacity: 118M
 Heap Max Capacity: 1876M
 Pre-touch: Disabled
 Parallel Workers: 13
 Concurrent Workers: 3
 Concurrent Refinement Workers: 13
 Periodic GC: Disabled

Heap:
 garbage-first heap   total 48128K, used 34496K [0x000000008ac00000, 0x0000000100000000)
  region size 1024K, 19 young (19456K), 2 survivors (2048K)
 Metaspace       used 32553K, committed 33024K, reserved 1114112K
  class space    used 4399K, committed 4608K, reserved 1048576K

Heap Regions: E=young(eden), S=young(survivor), O=old, HS=humongous(starts), HC=humongous(continues), CS=collection set, F=free, OA=open archive, CA=closed archive, TAMS=top-at-mark-start (previous, next)
|   0|0x000000008ac00000, 0x000000008ad00000, 0x000000008ad00000|100%|HS|  |TAMS 0x000000008ad00000, 0x000000008ac00000| Complete 
|   1|0x000000008ad00000, 0x000000008ae00000, 0x000000008ae00000|100%| O|  |TAMS 0x000000008ae00000, 0x000000008ad00000| Untracked 
|   2|0x000000008ae00000, 0x000000008af00000, 0x000000008af00000|100%| O|  |TAMS 0x000000008af00000, 0x000000008ae00000| Untracked 
|   3|0x000000008af00000, 0x000000008b000000, 0x000000008b000000|100%| O|  |TAMS 0x000000008b000000, 0x000000008af00000| Untracked 
|   4|0x000000008b000000, 0x000000008b100000, 0x000000008b100000|100%| O|  |TAMS 0x000000008b100000, 0x000000008b000000| Untracked 
|   5|0x000000008b100000, 0x000000008b200000, 0x000000008b200000|100%| O|  |TAMS 0x000000008b100000, 0x000000008b100000| Untracked 
|   6|0x000000008b200000, 0x000000008b300000, 0x000000008b300000|100%| O|  |TAMS 0x000000008b300000, 0x000000008b200000| Untracked 
|   7|0x000000008b300000, 0x000000008b3fc800, 0x000000008b400000| 98%| O|  |TAMS 0x000000008b3fc800, 0x000000008b300000| Untracked 
|   8|0x000000008b400000, 0x000000008b500000, 0x000000008b500000|100%| O|  |TAMS 0x000000008b400000, 0x000000008b400000| Untracked 
|   9|0x000000008b500000, 0x000000008b600000, 0x000000008b600000|100%| O|  |TAMS 0x000000008b500000, 0x000000008b500000| Untracked 
|  10|0x000000008b600000, 0x000000008b700000, 0x000000008b700000|100%| O|  |TAMS 0x000000008b600000, 0x000000008b600000| Untracked 
|  11|0x000000008b700000, 0x000000008b800000, 0x000000008b800000|100%| O|  |TAMS 0x000000008b700000, 0x000000008b700000| Untracked 
|  12|0x000000008b800000, 0x000000008b900000, 0x000000008b900000|100%| O|  |TAMS 0x000000008b800000, 0x000000008b800000| Untracked 
|  13|0x000000008b900000, 0x000000008ba00000, 0x000000008ba00000|100%| O|  |TAMS 0x000000008b900000, 0x000000008b900000| Untracked 
|  14|0x000000008ba00000, 0x000000008bb00000, 0x000000008bb00000|100%| O|  |TAMS 0x000000008ba00000, 0x000000008ba00000| Untracked 
|  15|0x000000008bb00000, 0x000000008bc00000, 0x000000008bc00000|100%| O|  |TAMS 0x000000008bb00000, 0x000000008bb00000| Untracked 
|  16|0x000000008bc00000, 0x000000008bc64200, 0x000000008bd00000| 39%| O|  |TAMS 0x000000008bc00000, 0x000000008bc00000| Untracked 
|  17|0x000000008bd00000, 0x000000008bd00000, 0x000000008be00000|  0%| F|  |TAMS 0x000000008bd00000, 0x000000008bd00000| Untracked 
|  18|0x000000008be00000, 0x000000008be00000, 0x000000008bf00000|  0%| F|  |TAMS 0x000000008be00000, 0x000000008be00000| Untracked 
|  19|0x000000008bf00000, 0x000000008bf00000, 0x000000008c000000|  0%| F|  |TAMS 0x000000008bf00000, 0x000000008bf00000| Untracked 
|  20|0x000000008c000000, 0x000000008c000000, 0x000000008c100000|  0%| F|  |TAMS 0x000000008c000000, 0x000000008c000000| Untracked 
|  21|0x000000008c100000, 0x000000008c100000, 0x000000008c200000|  0%| F|  |TAMS 0x000000008c100000, 0x000000008c100000| Untracked 
|  22|0x000000008c200000, 0x000000008c200000, 0x000000008c300000|  0%| F|  |TAMS 0x000000008c200000, 0x000000008c200000| Untracked 
|  23|0x000000008c300000, 0x000000008c300000, 0x000000008c400000|  0%| F|  |TAMS 0x000000008c300000, 0x000000008c300000| Untracked 
|  24|0x000000008c400000, 0x000000008c400000, 0x000000008c500000|  0%| F|  |TAMS 0x000000008c400000, 0x000000008c400000| Untracked 
|  25|0x000000008c500000, 0x000000008c500000, 0x000000008c600000|  0%| F|  |TAMS 0x000000008c500000, 0x000000008c500000| Untracked 
|  26|0x000000008c600000, 0x000000008c64f800, 0x000000008c700000| 31%| S|CS|TAMS 0x000000008c600000, 0x000000008c600000| Complete 
|  27|0x000000008c700000, 0x000000008c700000, 0x000000008c800000|  0%| F|  |TAMS 0x000000008c700000, 0x000000008c700000| Untracked 
|  28|0x000000008c800000, 0x000000008c800000, 0x000000008c900000|  0%| F|  |TAMS 0x000000008c800000, 0x000000008c800000| Untracked 
|  29|0x000000008c900000, 0x000000008ca00000, 0x000000008ca00000|100%| S|CS|TAMS 0x000000008c900000, 0x000000008c900000| Complete 
|  30|0x000000008ca00000, 0x000000008ca4b618, 0x000000008cb00000| 29%| E|  |TAMS 0x000000008ca00000, 0x000000008ca00000| Complete 
|  31|0x000000008cb00000, 0x000000008cc00000, 0x000000008cc00000|100%| E|CS|TAMS 0x000000008cb00000, 0x000000008cb00000| Complete 
|  32|0x000000008cc00000, 0x000000008cd00000, 0x000000008cd00000|100%| E|CS|TAMS 0x000000008cc00000, 0x000000008cc00000| Complete 
|  33|0x000000008cd00000, 0x000000008ce00000, 0x000000008ce00000|100%| E|CS|TAMS 0x000000008cd00000, 0x000000008cd00000| Complete 
|  34|0x000000008ce00000, 0x000000008cf00000, 0x000000008cf00000|100%| E|CS|TAMS 0x000000008ce00000, 0x000000008ce00000| Complete 
|  35|0x000000008cf00000, 0x000000008d000000, 0x000000008d000000|100%| E|CS|TAMS 0x000000008cf00000, 0x000000008cf00000| Complete 
|  36|0x000000008d000000, 0x000000008d100000, 0x000000008d100000|100%| E|CS|TAMS 0x000000008d000000, 0x000000008d000000| Complete 
|  37|0x000000008d100000, 0x000000008d200000, 0x000000008d200000|100%| E|CS|TAMS 0x000000008d100000, 0x000000008d100000| Complete 
|  38|0x000000008d200000, 0x000000008d300000, 0x000000008d300000|100%| E|CS|TAMS 0x000000008d200000, 0x000000008d200000| Complete 
|  39|0x000000008d300000, 0x000000008d400000, 0x000000008d400000|100%| E|CS|TAMS 0x000000008d300000, 0x000000008d300000| Complete 
|  40|0x000000008d400000, 0x000000008d500000, 0x000000008d500000|100%| E|CS|TAMS 0x000000008d400000, 0x000000008d400000| Complete 
|  62|0x000000008ea00000, 0x000000008eb00000, 0x000000008eb00000|100%| E|CS|TAMS 0x000000008ea00000, 0x000000008ea00000| Complete 
|  63|0x000000008eb00000, 0x000000008ec00000, 0x000000008ec00000|100%| E|CS|TAMS 0x000000008eb00000, 0x000000008eb00000| Complete 
|  64|0x000000008ec00000, 0x000000008ed00000, 0x000000008ed00000|100%| E|CS|TAMS 0x000000008ec00000, 0x000000008ec00000| Complete 
|  65|0x000000008ed00000, 0x000000008ee00000, 0x000000008ee00000|100%| E|CS|TAMS 0x000000008ed00000, 0x000000008ed00000| Complete 
|  66|0x000000008ee00000, 0x000000008ef00000, 0x000000008ef00000|100%| E|CS|TAMS 0x000000008ee00000, 0x000000008ee00000| Complete 
| 117|0x0000000092100000, 0x0000000092200000, 0x0000000092200000|100%| E|CS|TAMS 0x0000000092100000, 0x0000000092100000| Complete 

Card table byte_map: [0x000001fac7d40000,0x000001fac80f0000] _byte_map_base: 0x000001fac78ea000

Marking Bits (Prev, Next): (CMBitMap*) 0x000001fab08beb00, (CMBitMap*) 0x000001fab08beac0
 Prev Bits: [0x000001faca1f0000, 0x000001facbf40000)
 Next Bits: [0x000001fac84a0000, 0x000001faca1f0000)

Polling page: 0x000001faae7a0000

Metaspace:

Usage:
  Non-class:     27.50 MB used.
      Class:      4.30 MB used.
       Both:     31.80 MB used.

Virtual space:
  Non-class space:       64.00 MB reserved,      27.75 MB ( 43%) committed,  1 nodes.
      Class space:        1.00 GB reserved,       4.50 MB ( <1%) committed,  1 nodes.
             Both:        1.06 GB reserved,      32.25 MB (  3%) committed. 

Chunk freelists:
   Non-Class:  3.53 MB
       Class:  11.53 MB
        Both:  15.06 MB

MaxMetaspaceSize: unlimited
CompressedClassSpaceSize: 1.00 GB
Initial GC threshold: 21.00 MB
Current GC threshold: 35.12 MB
CDS: on
MetaspaceReclaimPolicy: balanced
 - commit_granule_bytes: 65536.
 - commit_granule_words: 8192.
 - virtual_space_node_default_size: 8388608.
 - enlarge_chunks_in_place: 1.
 - new_chunks_are_fully_committed: 0.
 - uncommit_free_chunks: 1.
 - use_allocation_guard: 0.
 - handle_deallocations: 1.


Internal statistics:

num_allocs_failed_limit: 3.
num_arena_births: 518.
num_arena_deaths: 0.
num_vsnodes_births: 2.
num_vsnodes_deaths: 0.
num_space_committed: 516.
num_space_uncommitted: 0.
num_chunks_returned_to_freelist: 3.
num_chunks_taken_from_freelist: 1778.
num_chunk_merges: 3.
num_chunk_splits: 1192.
num_chunks_enlarged: 864.
num_inconsistent_stats: 0.

CodeHeap 'non-profiled nmethods': size=119168Kb used=2013Kb max_used=2013Kb free=117154Kb
 bounds [0x000001fabfcb0000, 0x000001fabff20000, 0x000001fac7110000]
CodeHeap 'profiled nmethods': size=119104Kb used=9223Kb max_used=9223Kb free=109880Kb
 bounds [0x000001fab8110000, 0x000001fab8a20000, 0x000001fabf560000]
CodeHeap 'non-nmethods': size=7488Kb used=2350Kb max_used=2915Kb free=5137Kb
 bounds [0x000001fabf560000, 0x000001fabf850000, 0x000001fabfcb0000]
 total_blobs=4749 nmethods=4217 adapters=441
 compilation: enabled
              stopped_count=0, restarted_count=0
 full_count=0

Compilation events (20 events):
Event: 8.952 Thread 0x000001face4500b0 4236       3       java.util.concurrent.ConcurrentHashMap$KeySetView::add (36 bytes)
Event: 8.952 Thread 0x000001face4500b0 nmethod 4236 0x000001fab8a0c290 code [0x000001fab8a0c440, 0x000001fab8a0c6f8]
Event: 8.954 Thread 0x000001face4500b0 4237       3       org.springframework.beans.factory.support.DefaultListableBeanFactory::isCurrentThreadAllowedToHoldSingletonLock (139 bytes)
Event: 8.956 Thread 0x000001face4500b0 nmethod 4237 0x000001fab8a0c810 code [0x000001fab8a0caa0, 0x000001fab8a0d818]
Event: 8.956 Thread 0x000001face4500b0 4238       3       org.springframework.core.BridgeMethodResolver$$Lambda$1083/0x000001fad0451e68::doWith (11 bytes)
Event: 8.956 Thread 0x000001face4500b0 nmethod 4238 0x000001fab8a0db10 code [0x000001fab8a0dcc0, 0x000001fab8a0de88]
Event: 8.959 Thread 0x000001fb147a9ec0 4239       3       org.springframework.core.BridgeMethodResolver$$Lambda$1082/0x000001fad0451c38::<init> (10 bytes)
Event: 8.959 Thread 0x000001face4500b0 4240       3       org.springframework.core.BridgeMethodResolver$$Lambda$1083/0x000001fad0451e68::<init> (10 bytes)
Event: 8.959 Thread 0x000001fb147a9ec0 nmethod 4239 0x000001fab8a0df90 code [0x000001fab8a0e120, 0x000001fab8a0e2d8]
Event: 8.959 Thread 0x000001face4500b0 nmethod 4240 0x000001fab8a0e390 code [0x000001fab8a0e520, 0x000001fab8a0e6d8]
Event: 8.960 Thread 0x000001face4500b0 4241   !   3       jdk.proxy2.$Proxy47::annotationType (29 bytes)
Event: 8.960 Thread 0x000001fb14214280 4242   !   3       jdk.proxy2.$Proxy64::annotationType (29 bytes)
Event: 8.960 Thread 0x000001face4500b0 nmethod 4241 0x000001fab8a0e790 code [0x000001fab8a0e960, 0x000001fab8a0ed58]
Event: 8.960 Thread 0x000001face4500b0 4243       3       java.lang.reflect.Method::getGenericInfo (27 bytes)
Event: 8.960 Thread 0x000001fb14214280 nmethod 4242 0x000001fab8a0ef10 code [0x000001fab8a0f0e0, 0x000001fab8a0f4d8]
Event: 8.961 Thread 0x000001face4500b0 nmethod 4243 0x000001fab8a0f690 code [0x000001fab8a0f900, 0x000001fab8a10718]
Event: 9.724 Thread 0x000001fb147a9ec0 4244       3       java.util.concurrent.ThreadPoolExecutor::isShutdown (12 bytes)
Event: 9.724 Thread 0x000001fb14214280 4245       3       java.util.concurrent.ScheduledThreadPoolExecutor::canRunInCurrentRunState (61 bytes)
Event: 9.725 Thread 0x000001fb147a9ec0 nmethod 4244 0x000001fab8a10c10 code [0x000001fab8a10dc0, 0x000001fab8a10fb8]
Event: 9.725 Thread 0x000001fb14214280 nmethod 4245 0x000001fab8a11090 code [0x000001fab8a112a0, 0x000001fab8a11aa8]

GC Heap History (14 events):
Event: 1.723 GC heap before
{Heap before GC invocations=0 (full 0):
 garbage-first heap   total 120832K, used 23552K [0x000000008ac00000, 0x0000000100000000)
  region size 1024K, 23 young (23552K), 0 survivors (0K)
 Metaspace       used 4887K, committed 5056K, reserved 1114112K
  class space    used 572K, committed 640K, reserved 1048576K
}
Event: 1.736 GC heap after
{Heap after GC invocations=1 (full 0):
 garbage-first heap   total 120832K, used 7914K [0x000000008ac00000, 0x0000000100000000)
  region size 1024K, 3 young (3072K), 3 survivors (3072K)
 Metaspace       used 4887K, committed 5056K, reserved 1114112K
  class space    used 572K, committed 640K, reserved 1048576K
}
Event: 3.400 GC heap before
{Heap before GC invocations=1 (full 0):
 garbage-first heap   total 120832K, used 34538K [0x000000008ac00000, 0x0000000100000000)
  region size 1024K, 29 young (29696K), 3 survivors (3072K)
 Metaspace       used 11360K, committed 11584K, reserved 1114112K
  class space    used 1430K, committed 1536K, reserved 1048576K
}
Event: 3.412 GC heap after
{Heap after GC invocations=2 (full 0):
 garbage-first heap   total 120832K, used 10200K [0x000000008ac00000, 0x0000000100000000)
  region size 1024K, 2 young (2048K), 2 survivors (2048K)
 Metaspace       used 11360K, committed 11584K, reserved 1114112K
  class space    used 1430K, committed 1536K, reserved 1048576K
}
Event: 5.997 GC heap before
{Heap before GC invocations=2 (full 0):
 garbage-first heap   total 120832K, used 59352K [0x000000008ac00000, 0x0000000100000000)
  region size 1024K, 51 young (52224K), 2 survivors (2048K)
 Metaspace       used 21181K, committed 21504K, reserved 1114112K
  class space    used 2850K, committed 3008K, reserved 1048576K
}
Event: 6.009 GC heap after
{Heap after GC invocations=3 (full 0):
 garbage-first heap   total 120832K, used 13298K [0x000000008ac00000, 0x0000000100000000)
  region size 1024K, 5 young (5120K), 5 survivors (5120K)
 Metaspace       used 21181K, committed 21504K, reserved 1114112K
  class space    used 2850K, committed 3008K, reserved 1048576K
}
Event: 6.505 GC heap before
{Heap before GC invocations=4 (full 0):
 garbage-first heap   total 48128K, used 35826K [0x000000008ac00000, 0x0000000100000000)
  region size 1024K, 28 young (28672K), 5 survivors (5120K)
 Metaspace       used 25072K, committed 25472K, reserved 1114112K
  class space    used 3372K, committed 3584K, reserved 1048576K
}
Event: 6.515 GC heap after
{Heap after GC invocations=5 (full 0):
 garbage-first heap   total 48128K, used 15244K [0x000000008ac00000, 0x0000000100000000)
  region size 1024K, 3 young (3072K), 3 survivors (3072K)
 Metaspace       used 25072K, committed 25472K, reserved 1114112K
  class space    used 3372K, committed 3584K, reserved 1048576K
}
Event: 6.541 GC heap before
{Heap before GC invocations=5 (full 0):
 garbage-first heap   total 48128K, used 16268K [0x000000008ac00000, 0x0000000100000000)
  region size 1024K, 4 young (4096K), 3 survivors (3072K)
 Metaspace       used 25257K, committed 25600K, reserved 1114112K
  class space    used 3393K, committed 3584K, reserved 1048576K
}
Event: 6.546 GC heap after
{Heap after GC invocations=6 (full 0):
 garbage-first heap   total 48128K, used 15393K [0x000000008ac00000, 0x0000000100000000)
  region size 1024K, 1 young (1024K), 1 survivors (1024K)
 Metaspace       used 25257K, committed 25600K, reserved 1114112K
  class space    used 3393K, committed 3584K, reserved 1048576K
}
Event: 7.191 GC heap before
{Heap before GC invocations=6 (full 0):
 garbage-first heap   total 48128K, used 32801K [0x000000008ac00000, 0x0000000100000000)
  region size 1024K, 18 young (18432K), 1 survivors (1024K)
 Metaspace       used 27478K, committed 27840K, reserved 1114112K
  class space    used 3681K, committed 3840K, reserved 1048576K
}
Event: 7.196 GC heap after
{Heap after GC invocations=7 (full 0):
 garbage-first heap   total 48128K, used 16856K [0x000000008ac00000, 0x0000000100000000)
  region size 1024K, 2 young (2048K), 2 survivors (2048K)
 Metaspace       used 27478K, committed 27840K, reserved 1114112K
  class space    used 3681K, committed 3840K, reserved 1048576K
}
Event: 8.201 GC heap before
{Heap before GC invocations=7 (full 0):
 garbage-first heap   total 48128K, used 34264K [0x000000008ac00000, 0x0000000100000000)
  region size 1024K, 19 young (19456K), 2 survivors (2048K)
 Metaspace       used 30009K, committed 30400K, reserved 1114112K
  class space    used 4006K, committed 4224K, reserved 1048576K
}
Event: 8.214 GC heap after
{Heap after GC invocations=8 (full 0):
 garbage-first heap   total 48128K, used 18112K [0x000000008ac00000, 0x0000000100000000)
  region size 1024K, 2 young (2048K), 2 survivors (2048K)
 Metaspace       used 30009K, committed 30400K, reserved 1114112K
  class space    used 4006K, committed 4224K, reserved 1048576K
}

Deoptimization events (20 events):
Event: 8.459 Thread 0x000001fab0868380 DEOPT PACKING pc=0x000001fabfe65e64 sp=0x0000006f065fc010
Event: 8.460 Thread 0x000001fab0868380 DEOPT UNPACKING pc=0x000001fabf5b23a3 sp=0x0000006f065fbef8 mode 2
Event: 8.465 Thread 0x000001fab0868380 Uncommon trap: trap_request=0xffffff45 fr.pc=0x000001fabfe62a5c relative=0x00000000000001dc
Event: 8.465 Thread 0x000001fab0868380 Uncommon trap: reason=unstable_if action=reinterpret pc=0x000001fabfe62a5c method=org.springframework.beans.factory.support.AbstractBeanFactory.getBeanPostProcessorCache()Lorg/springframework/beans/factory/support/AbstractBeanFactory$BeanPostProcessorCach
Event: 8.465 Thread 0x000001fab0868380 DEOPT PACKING pc=0x000001fabfe62a5c sp=0x0000006f065fc030
Event: 8.465 Thread 0x000001fab0868380 DEOPT UNPACKING pc=0x000001fabf5b23a3 sp=0x0000006f065fbfc0 mode 2
Event: 8.486 Thread 0x000001fab0868380 Uncommon trap: trap_request=0xffffff45 fr.pc=0x000001fabfe66fd0 relative=0x00000000000007d0
Event: 8.486 Thread 0x000001fab0868380 Uncommon trap: reason=unstable_if action=reinterpret pc=0x000001fabfe66fd0 method=org.springframework.beans.factory.support.DefaultSingletonBeanRegistry.getSingleton(Ljava/lang/String;Z)Ljava/lang/Object; @ 20 c2
Event: 8.486 Thread 0x000001fab0868380 DEOPT PACKING pc=0x000001fabfe66fd0 sp=0x0000006f065faba0
Event: 8.486 Thread 0x000001fab0868380 DEOPT UNPACKING pc=0x000001fabf5b23a3 sp=0x0000006f065fab40 mode 2
Event: 8.572 Thread 0x000001fab0868380 Uncommon trap: trap_request=0xffffff45 fr.pc=0x000001fabfe10e54 relative=0x0000000000000214
Event: 8.572 Thread 0x000001fab0868380 Uncommon trap: reason=unstable_if action=reinterpret pc=0x000001fabfe10e54 method=org.springframework.util.ConcurrentReferenceHashMap$Segment.findInChain(Lorg/springframework/util/ConcurrentReferenceHashMap$Reference;Ljava/lang/Object;I)Lorg/springframewo
Event: 8.572 Thread 0x000001fab0868380 DEOPT PACKING pc=0x000001fabfe10e54 sp=0x0000006f065f9700
Event: 8.572 Thread 0x000001fab0868380 DEOPT UNPACKING pc=0x000001fabf5b23a3 sp=0x0000006f065f96a8 mode 2
Event: 8.690 Thread 0x000001fab0868380 DEOPT PACKING pc=0x000001fab82ea8a3 sp=0x0000006f065f7fa0
Event: 8.690 Thread 0x000001fab0868380 DEOPT UNPACKING pc=0x000001fabf5b2b43 sp=0x0000006f065f7410 mode 0
Event: 8.778 Thread 0x000001fab0868380 Uncommon trap: trap_request=0xffffff54 fr.pc=0x000001fabfe68f90 relative=0x0000000000000610
Event: 8.778 Thread 0x000001fab0868380 Uncommon trap: reason=speculate_null_assert action=make_not_entrant pc=0x000001fabfe68f90 method=org.springframework.core.SimpleAliasRegistry.canonicalName(Ljava/lang/String;)Ljava/lang/String; @ 17 c2
Event: 8.778 Thread 0x000001fab0868380 DEOPT PACKING pc=0x000001fabfe68f90 sp=0x0000006f065fc290
Event: 8.778 Thread 0x000001fab0868380 DEOPT UNPACKING pc=0x000001fabf5b23a3 sp=0x0000006f065fc1e8 mode 2

Classes unloaded (0 events):
No events

Classes redefined (0 events):
No events

Internal exceptions (20 events):
Event: 6.419 Thread 0x000001fb142305d0 Exception <a 'java/lang/NoSuchMethodError'{0x000000008c2e7c08}: 'java.lang.Object java.lang.invoke.DirectMethodHandle$Holder.invokeVirtual(java.lang.Object, java.lang.Object, java.lang.Object, java.lang.Object)'> (0x000000008c2e7c08) 
thrown [s\open\src\hotspot\share\interpreter\linkResolver.cpp, line 759]
Event: 7.487 Thread 0x000001fab0868380 Exception <a 'sun/nio/fs/WindowsException'{0x000000008d40b700}> (0x000000008d40b700) 
thrown [s\open\src\hotspot\share\prims\jni.cpp, line 516]
Event: 7.490 Thread 0x000001fab0868380 Exception <a 'sun/nio/fs/WindowsException'{0x000000008d410360}> (0x000000008d410360) 
thrown [s\open\src\hotspot\share\prims\jni.cpp, line 516]
Event: 7.607 Thread 0x000001fab0868380 Exception <a 'sun/nio/fs/WindowsException'{0x000000008d205a80}> (0x000000008d205a80) 
thrown [s\open\src\hotspot\share\prims\jni.cpp, line 516]
Event: 7.610 Thread 0x000001fab0868380 Exception <a 'sun/nio/fs/WindowsException'{0x000000008d20b070}> (0x000000008d20b070) 
thrown [s\open\src\hotspot\share\prims\jni.cpp, line 516]
Event: 7.624 Thread 0x000001fab0868380 Exception <a 'java/lang/NoSuchMethodError'{0x000000008d254e98}: 'java.lang.Object java.lang.invoke.DirectMethodHandle$Holder.invokeSpecialIFC(java.lang.Object, java.lang.Object, java.lang.Object)'> (0x000000008d254e98) 
thrown [s\open\src\hotspot\share\interpreter\linkResolver.cpp, line 759]
Event: 7.971 Thread 0x000001fab0868380 Implicit null exception at 0x000001fabfe1aabd to 0x000001fabfe1ae8f
Event: 8.082 Thread 0x000001fab0868380 Exception <a 'java/lang/NoSuchMethodError'{0x000000008cb52250}: 'java.lang.Object java.lang.invoke.DirectMethodHandle$Holder.invokeSpecial(java.lang.Object, java.lang.Object, java.lang.Object, java.lang.Object, java.lang.Object, java.lang.Object, java.lang.Object, java.lang.Object, java.lang.Object, java.lang.Object, java.lang.Object, java.lang.Object, java.lang.Object, java.lang.Object)'> (0x000000008cb52250) 
thrown [s\open\src\hotspot\share\interpreter\linkResolver.cpp, line 759]
Event: 8.083 Thread 0x000001fab0868380 Exception <a 'java/lang/NoSuchMethodError'{0x000000008cb57718}: 'java.lang.Object java.lang.invoke.Invokers$Holder.invoker(java.lang.Object, java.lang.Object, java.lang.Object, java.lang.Object, java.lang.Object, java.lang.Object, java.lang.Object, java.lang.Object, java.lang.Object, java.lang.Object, java.lang.Object, java.lang.Object, java.lang.Object, java.lang.Object)'> (0x000000008cb57718) 
thrown [s\open\src\hotspot\share\interpreter\linkResolver.cpp, line 759]
Event: 8.084 Thread 0x000001fab0868380 Exception <a 'java/lang/NoSuchMethodError'{0x000000008cb5d330}: 'java.lang.Object java.lang.invoke.DirectMethodHandle$Holder.invokeSpecial(java.lang.Object, java.lang.Object, java.lang.Object, java.lang.Object, java.lang.Object, java.lang.Object, java.lang.Object, java.lang.Object, java.lang.Object, java.lang.Object, java.lang.Object, java.lang.Object, java.lang.Object, java.lang.Object, java.lang.Object)'> (0x000000008cb5d330) 
thrown [s\open\src\hotspot\share\interpreter\linkResolver.cpp, line 759]
Event: 8.087 Thread 0x000001fab0868380 Exception <a 'java/lang/NoSuchMethodError'{0x000000008cb69918}: 'int java.lang.invoke.DirectMethodHandle$Holder.invokeSpecial(java.lang.Object, java.lang.Object, int)'> (0x000000008cb69918) 
thrown [s\open\src\hotspot\share\interpreter\linkResolver.cpp, line 759]
Event: 8.140 Thread 0x000001fab0868380 Exception <a 'java/lang/NoSuchMethodError'{0x000000008ca376d0}: 'java.lang.Object java.lang.invoke.DirectMethodHandle$Holder.invokeSpecial(java.lang.Object, java.lang.Object, int, java.lang.Object, java.lang.Object)'> (0x000000008ca376d0) 
thrown [s\open\src\hotspot\share\interpreter\linkResolver.cpp, line 759]
Event: 8.141 Thread 0x000001fab0868380 Exception <a 'java/lang/NoSuchMethodError'{0x000000008ca3b8c8}: 'java.lang.Object java.lang.invoke.DelegatingMethodHandle$Holder.delegate(java.lang.Object, int, java.lang.Object, java.lang.Object)'> (0x000000008ca3b8c8) 
thrown [s\open\src\hotspot\share\interpreter\linkResolver.cpp, line 759]
Event: 8.147 Thread 0x000001fab0868380 Exception <a 'java/lang/NoSuchMethodError'{0x000000008ca4d188}: 'int java.lang.invoke.Invokers$Holder.linkToTargetMethod(java.lang.Object, java.lang.Object, java.lang.Object)'> (0x000000008ca4d188) 
thrown [s\open\src\hotspot\share\interpreter\linkResolver.cpp, line 759]
Event: 8.306 Thread 0x000001fab0868380 Exception <a 'java/lang/NoClassDefFoundError'{0x000000008ed131e0}: org/flywaydb/core/Flyway> (0x000000008ed131e0) 
thrown [s\open\src\hotspot\share\classfile\systemDictionary.cpp, line 245]
Event: 8.307 Thread 0x000001fab0868380 Exception <a 'java/lang/NoClassDefFoundError'{0x000000008ed160b8}: liquibase/integration/spring/SpringLiquibase> (0x000000008ed160b8) 
thrown [s\open\src\hotspot\share\classfile\systemDictionary.cpp, line 245]
Event: 8.589 Thread 0x000001fab0868380 Exception <a 'java/lang/IncompatibleClassChangeError'{0x000000008d3085d0}: Found class java.lang.Object, but interface was expected> (0x000000008d3085d0) 
thrown [s\open\src\hotspot\share\interpreter\linkResolver.cpp, line 826]
Event: 8.756 Thread 0x000001fab0868380 Exception <a 'java/lang/NoSuchMethodError'{0x000000008d1cf7c0}: 'int java.lang.invoke.DirectMethodHandle$Holder.invokeSpecialIFC(java.lang.Object, java.lang.Object, java.lang.Object)'> (0x000000008d1cf7c0) 
thrown [s\open\src\hotspot\share\interpreter\linkResolver.cpp, line 759]
Event: 8.845 Thread 0x000001fab0868380 Exception <a 'java/lang/NoSuchMethodError'{0x000000008cf3e3f8}: 'void java.lang.invoke.DirectMethodHandle$Holder.invokeVirtual(java.lang.Object, java.lang.Object, int)'> (0x000000008cf3e3f8) 
thrown [s\open\src\hotspot\share\interpreter\linkResolver.cpp, line 759]
Event: 8.853 Thread 0x000001fab0868380 Exception <a 'java/lang/NoSuchMethodError'{0x000000008cf6a2e0}: 'void java.lang.invoke.DirectMethodHandle$Holder.invokeVirtual(java.lang.Object, java.lang.Object, long)'> (0x000000008cf6a2e0) 
thrown [s\open\src\hotspot\share\interpreter\linkResolver.cpp, line 759]

VM Operations (20 events):
Event: 7.471 Executing VM operation: HandshakeAllThreads
Event: 7.472 Executing VM operation: HandshakeAllThreads done
Event: 7.474 Executing VM operation: HandshakeAllThreads
Event: 7.474 Executing VM operation: HandshakeAllThreads done
Event: 7.653 Executing VM operation: HandshakeAllThreads
Event: 7.653 Executing VM operation: HandshakeAllThreads done
Event: 7.748 Executing VM operation: HandshakeAllThreads
Event: 7.748 Executing VM operation: HandshakeAllThreads done
Event: 7.948 Executing VM operation: ICBufferFull
Event: 7.948 Executing VM operation: ICBufferFull done
Event: 8.095 Executing VM operation: HandshakeAllThreads
Event: 8.095 Executing VM operation: HandshakeAllThreads done
Event: 8.105 Executing VM operation: HandshakeAllThreads
Event: 8.105 Executing VM operation: HandshakeAllThreads done
Event: 8.201 Executing VM operation: G1CollectForAllocation
Event: 8.214 Executing VM operation: G1CollectForAllocation done
Event: 8.781 Executing VM operation: ICBufferFull
Event: 8.781 Executing VM operation: ICBufferFull done
Event: 9.785 Executing VM operation: Cleanup
Event: 9.786 Executing VM operation: Cleanup done

Events (20 events):
Event: 8.450 loading class java/security/interfaces/RSAPrivateKey
Event: 8.450 loading class java/security/PrivateKey
Event: 8.450 loading class javax/security/auth/Destroyable
Event: 8.451 loading class javax/security/auth/Destroyable done
Event: 8.451 loading class java/security/PrivateKey done
Event: 8.451 loading class java/security/interfaces/RSAPrivateKey done
Event: 8.481 loading class javax/naming/NameNotFoundException
Event: 8.481 loading class javax/naming/NameNotFoundException done
Event: 8.555 loading class java/lang/Class$EnclosingMethodInfo
Event: 8.555 loading class java/lang/Class$EnclosingMethodInfo done
Event: 8.772 loading class java/text/MessageFormat
Event: 8.773 loading class java/text/MessageFormat done
Event: 8.856 loading class java/util/concurrent/CompletableFuture
Event: 8.858 loading class java/util/concurrent/CompletionStage
Event: 8.859 loading class java/util/concurrent/CompletionStage done
Event: 8.859 loading class java/util/concurrent/CompletableFuture done
Event: 8.941 loading class java/lang/SafeVarargs
Event: 8.942 loading class java/lang/SafeVarargs done
Event: 8.945 loading class sun/reflect/generics/reflectiveObjects/GenericArrayTypeImpl
Event: 8.946 loading class sun/reflect/generics/reflectiveObjects/GenericArrayTypeImpl done


Dynamic libraries:
0x00007ff65fb70000 - 0x00007ff65fb80000 	C:\Program Files\Java\jdk-17\bin\java.exe
0x00007ff87d460000 - 0x00007ff87d6c8000 	C:\WINDOWS\SYSTEM32\ntdll.dll
0x00007ff852820000 - 0x00007ff852840000 	C:\Program Files\Avast Software\Avast\aswhook.dll
0x00007ff87c0e0000 - 0x00007ff87c1a9000 	C:\WINDOWS\System32\KERNEL32.DLL
0x00007ff87a970000 - 0x00007ff87ad62000 	C:\WINDOWS\System32\KERNELBASE.dll
0x00007ff87ad70000 - 0x00007ff87aebb000 	C:\WINDOWS\System32\ucrtbase.dll
0x00007ff842190000 - 0x00007ff8421a9000 	C:\Program Files\Java\jdk-17\bin\jli.dll
0x00007ff83ed80000 - 0x00007ff83ed9b000 	C:\Program Files\Java\jdk-17\bin\VCRUNTIME140.dll
0x00007ff87b980000 - 0x00007ff87ba34000 	C:\WINDOWS\System32\ADVAPI32.dll
0x00007ff87beb0000 - 0x00007ff87bf59000 	C:\WINDOWS\System32\msvcrt.dll
0x00007ff87b230000 - 0x00007ff87b2d6000 	C:\WINDOWS\System32\sechost.dll
0x00007ff87bfc0000 - 0x00007ff87c0d8000 	C:\WINDOWS\System32\RPCRT4.dll
0x00007ff87c530000 - 0x00007ff87c6f5000 	C:\WINDOWS\System32\USER32.dll
0x00007ff87b160000 - 0x00007ff87b187000 	C:\WINDOWS\System32\win32u.dll
0x00007ff864770000 - 0x00007ff864a03000 	C:\WINDOWS\WinSxS\amd64_microsoft.windows.common-controls_6595b64144ccf1df_6.0.26100.6899_none_3e0efeeae32e88c1\COMCTL32.dll
0x00007ff87b770000 - 0x00007ff87b79b000 	C:\WINDOWS\System32\GDI32.dll
0x00007ff87b030000 - 0x00007ff87b15d000 	C:\WINDOWS\System32\gdi32full.dll
0x00007ff87a5f0000 - 0x00007ff87a693000 	C:\WINDOWS\System32\msvcp_win.dll
0x00007ff873f10000 - 0x00007ff873f1b000 	C:\WINDOWS\SYSTEM32\VERSION.dll
0x00007ff87d2b0000 - 0x00007ff87d2df000 	C:\WINDOWS\System32\IMM32.DLL
0x00007ff857a60000 - 0x00007ff857a6c000 	C:\Program Files\Java\jdk-17\bin\vcruntime140_1.dll
0x00007ff828bf0000 - 0x00007ff828c7e000 	C:\Program Files\Java\jdk-17\bin\msvcp140.dll
0x00007fffc2ab0000 - 0x00007fffc368f000 	C:\Program Files\Java\jdk-17\bin\server\jvm.dll
0x00007ff87bea0000 - 0x00007ff87bea8000 	C:\WINDOWS\System32\PSAPI.DLL
0x00007ff873ed0000 - 0x00007ff873f05000 	C:\WINDOWS\SYSTEM32\WINMM.dll
0x00007ff86dcd0000 - 0x00007ff86dcda000 	C:\WINDOWS\SYSTEM32\WSOCK32.dll
0x00007ff87c960000 - 0x00007ff87c9d4000 	C:\WINDOWS\System32\WS2_32.dll
0x00007ff8793c0000 - 0x00007ff8793db000 	C:\WINDOWS\SYSTEM32\kernel.appcore.dll
0x00007ff8577b0000 - 0x00007ff8577ba000 	C:\Program Files\Java\jdk-17\bin\jimage.dll
0x00007ff86ef60000 - 0x00007ff86f1a2000 	C:\WINDOWS\SYSTEM32\DBGHELP.DLL
0x00007ff87c1b0000 - 0x00007ff87c52b000 	C:\WINDOWS\System32\combase.dll
0x00007ff87bda0000 - 0x00007ff87be77000 	C:\WINDOWS\System32\OLEAUT32.dll
0x00007ff86e0d0000 - 0x00007ff86e10c000 	C:\WINDOWS\SYSTEM32\dbgcore.DLL
0x00007ff87b190000 - 0x00007ff87b228000 	C:\WINDOWS\System32\bcryptPrimitives.dll
0x00007ff82fff0000 - 0x00007ff830015000 	C:\Program Files\Java\jdk-17\bin\java.dll
0x00007ff81fd10000 - 0x00007ff81fde7000 	C:\Program Files\Java\jdk-17\bin\jsvml.dll
0x00007ff87cb30000 - 0x00007ff87d27d000 	C:\WINDOWS\System32\SHELL32.dll
0x00007ff87aec0000 - 0x00007ff87b02b000 	C:\WINDOWS\System32\wintypes.dll
0x00007ff878260000 - 0x00007ff878abd000 	C:\WINDOWS\SYSTEM32\windows.storage.dll
0x00007ff87bc10000 - 0x00007ff87bd02000 	C:\WINDOWS\System32\SHCORE.dll
0x00007ff87d2f0000 - 0x00007ff87d352000 	C:\WINDOWS\System32\shlwapi.dll
0x00007ff87a510000 - 0x00007ff87a539000 	C:\WINDOWS\SYSTEM32\profapi.dll
0x00007ff8345a0000 - 0x00007ff8345b9000 	C:\Program Files\Java\jdk-17\bin\net.dll
0x00007ff873980000 - 0x00007ff873a9f000 	C:\WINDOWS\SYSTEM32\WINHTTP.dll
0x00007ff879930000 - 0x00007ff87999b000 	C:\WINDOWS\system32\mswsock.dll
0x00007ff829550000 - 0x00007ff829566000 	C:\Program Files\Java\jdk-17\bin\nio.dll
0x00007ff828bd0000 - 0x00007ff828be8000 	C:\Program Files\Java\jdk-17\bin\zip.dll
0x00007ff845620000 - 0x00007ff84562a000 	C:\Program Files\Java\jdk-17\bin\management.dll
0x00007ff844a20000 - 0x00007ff844a2b000 	C:\Program Files\Java\jdk-17\bin\management_ext.dll
0x00007ff853340000 - 0x00007ff85334e000 	C:\Program Files\Java\jdk-17\bin\sunmscapi.dll
0x00007ff87a730000 - 0x00007ff87a8a7000 	C:\WINDOWS\System32\CRYPT32.dll
0x00007ff879e00000 - 0x00007ff879e30000 	C:\WINDOWS\SYSTEM32\ncrypt.dll
0x00007ff879db0000 - 0x00007ff879def000 	C:\WINDOWS\SYSTEM32\NTASN1.dll

dbghelp: loaded successfully - version: 4.0.5 - missing functions: none
symbol engine: initialized successfully - sym options: 0x614 - pdb path: .;C:\Program Files\Java\jdk-17\bin;C:\WINDOWS\SYSTEM32;C:\Program Files\Avast Software\Avast;C:\WINDOWS\WinSxS\amd64_microsoft.windows.common-controls_6595b64144ccf1df_6.0.26100.6899_none_3e0efeeae32e88c1;C:\Program Files\Java\jdk-17\bin\server

VM Arguments:
java_command: C:\Users\USER\AppData\Local\Temp\surefire5004088506922410405\surefirebooter-20251017211606283_3.jar C:\Users\USER\AppData\Local\Temp\surefire5004088506922410405 2025-10-17T21-16-00_651-jvmRun1 surefire-20251017211606283_1tmp surefire_0-20251017211606283_2tmp
java_class_path (initial): C:\Users\USER\AppData\Local\Temp\surefire5004088506922410405\surefirebooter-20251017211606283_3.jar
Launcher Type: SUN_STANDARD

[Global flags]
     intx CICompilerCount                          = 12                                        {product} {ergonomic}
     uint ConcGCThreads                            = 3                                         {product} {ergonomic}
     uint G1ConcRefinementThreads                  = 13                                        {product} {ergonomic}
   size_t G1HeapRegionSize                         = 1048576                                   {product} {ergonomic}
    uintx GCDrainStackTargetSize                   = 64                                        {product} {ergonomic}
   size_t InitialHeapSize                          = 123731968                                 {product} {ergonomic}
   size_t MarkStackSize                            = 4194304                                   {product} {ergonomic}
   size_t MaxHeapSize                              = 1967128576                                {product} {ergonomic}
   size_t MaxNewSize                               = 1179648000                                {product} {ergonomic}
   size_t MinHeapDeltaBytes                        = 1048576                                   {product} {ergonomic}
   size_t MinHeapSize                              = 8388608                                   {product} {ergonomic}
    uintx NonNMethodCodeHeapSize                   = 7602480                                {pd product} {ergonomic}
    uintx NonProfiledCodeHeapSize                  = 122027880                              {pd product} {ergonomic}
    uintx ProfiledCodeHeapSize                     = 122027880                              {pd product} {ergonomic}
    uintx ReservedCodeCacheSize                    = 251658240                              {pd product} {ergonomic}
     bool SegmentedCodeCache                       = true                                      {product} {ergonomic}
   size_t SoftMaxHeapSize                          = 1967128576                             {manageable} {ergonomic}
     bool UseCompressedClassPointers               = true                           {product lp64_product} {ergonomic}
     bool UseCompressedOops                        = true                           {product lp64_product} {ergonomic}
     bool UseG1GC                                  = true                                      {product} {ergonomic}
     bool UseLargePagesIndividualAllocation        = false                                  {pd product} {ergonomic}

Logging:
Log output configuration:
 #0: stdout all=warning uptime,level,tags
 #1: stderr all=off uptime,level,tags

Environment Variables:
JAVA_HOME=C:\Program Files\Java\jdk-17
PATH=C:\Program Files (x86)\Microsoft SDKs\Azure\CLI2\wbin;C:\Program Files\nodejs\;C:\Program Files\apache-maven-3.9.11\bin;C:\Users\USER\AppData\Local\Microsoft\WindowsApps;C:\Program Files\JetBrains\PyCharm 2022.3.2\bin;;C:\Users\USER\AppData\Local\Programs\Microsoft VS Code\bin;C:\Program Files\JetBrains\IntelliJ IDEA Community Edition 2023.3.2\bin;;C:\Users\USER\AppData\Local\GitHubDesktop\bin;C:\Windsurf\bin;C:\cursor\resources\app\bin;C:\Users\USER\AppData\Roaming\npm
USERNAME=USER
OS=Windows_NT
PROCESSOR_IDENTIFIER=AMD64 Family 23 Model 104 Stepping 1, AuthenticAMD



---------------  S Y S T E M  ---------------

OS:
 Windows 11 , 64 bit Build 26100 (10.0.26100.6725)
OS uptime: 1 days 14:21 hours

CPU: total 16 (initial active 16) (16 cores per cpu, 2 threads per core) family 23 model 104 stepping 1 microcode 0x8608109, cx8, cmov, fxsr, ht, mmx, 3dnowpref, sse, sse2, sse3, ssse3, sse4a, sse4.1, sse4.2, popcnt, lzcnt, tsc, tscinvbit, avx, avx2, aes, clmul, bmi1, bmi2, adx, sha, fma, vzeroupper, clflush, clflushopt

Memory: 4k page, system-wide physical 7501M (482M free)
TotalPageFile size 30029M (AvailPageFile size 117M)
current process WorkingSet (physical memory assigned to process): 184M, peak: 186M
current process commit charge ("private bytes"): 235M, peak: 271M

vm_info: Java HotSpot(TM) 64-Bit Server VM (17.0.10+11-LTS-240) for windows-amd64 JRE (17.0.10+11-LTS-240), built on Dec 19 2023 21:47:25 by "mach5one" with MS VC++ 17.1 (VS2022)

END.
