#
# There is insufficient memory for the Java Runtime Environment to continue.
# Native memory allocation (malloc) failed to allocate 68976 bytes for Chunk::new
# Possible reasons:
#   The system is out of physical RAM or swap space
#   The process is running with CompressedOops enabled, and the Java Heap may be blocking the growth of the native heap
# Possible solutions:
#   Reduce memory load on the system
#   Increase physical memory or swap space
#   Check if swap backing store is full
#   Decrease Java heap size (-Xmx/-Xms)
#   Decrease number of Java threads
#   Decrease Java thread stack sizes (-Xss)
#   Set larger code cache with -XX:ReservedCodeCacheSize=
#   JVM is running with Unscaled Compressed Oops mode in which the Java heap is
#     placed in the first 4GB address space. The Java Heap base address is the
#     maximum limit for the native heap growth. Please use -XX:HeapBaseMinAddress
#     to set the Java Heap base and to place the Java Heap above 4GB virtual address.
# This output file may be truncated or incomplete.
#
#  Out of Memory Error (arena.cpp:189), pid=19420, tid=25968
#
# JRE version: Java(TM) SE Runtime Environment (17.0.10+11) (build 17.0.10+11-LTS-240)
# Java VM: Java HotSpot(TM) 64-Bit Server VM (17.0.10+11-LTS-240, mixed mode, sharing, tiered, compressed oops, compressed class ptrs, g1 gc, windows-amd64)
# No core dump will be written. Minidumps are not enabled by default on client versions of Windows
#

---------------  S U M M A R Y ------------

Command Line: -javaagent:C:\Program Files\JetBrains\IntelliJ IDEA 2024.3\lib\idea_rt.jar=64443:C:\Program Files\JetBrains\IntelliJ IDEA 2024.3\bin -Dfile.encoding=UTF-8 com.CooperativeDevelopmentManagementSystem.DCDSystem.DcdSystemApplication

Host: AMD Ryzen 7 5700U with Radeon Graphics         , 16 cores, 7G,  Windows 11 , 64 bit Build 26100 (10.0.26100.6725)
Time: Sat Oct 18 01:06:47 2025 Sri Lanka Standard Time elapsed time: 262.908503 seconds (0d 0h 4m 22s)

---------------  T H R E A D  ---------------

Current thread (0x0000024f7e96e4a0):  JavaThread "C2 CompilerThread0" daemon [_thread_in_native, id=25968, stack(0x0000007852100000,0x0000007852200000)]


Current CompileTask:
C2: 262909 7548       4       java.util.ArrayList::toArray (57 bytes)

Stack: [0x0000007852100000,0x0000007852200000]
Native frames: (J=compiled Java code, j=interpreted, Vv=VM code, C=native code)
V  [jvm.dll+0x677a5a]
V  [jvm.dll+0x7d8b2d]
V  [jvm.dll+0x7da48e]
V  [jvm.dll+0x7daaf3]
V  [jvm.dll+0x2455ff]
V  [jvm.dll+0xaaafb]
V  [jvm.dll+0xab09c]
V  [jvm.dll+0x361b5f]
V  [jvm.dll+0x32c211]
V  [jvm.dll+0x32b6aa]
V  [jvm.dll+0x21794f]
V  [jvm.dll+0x216d81]
V  [jvm.dll+0x1a3410]
V  [jvm.dll+0x226aeb]
V  [jvm.dll+0x224cab]
V  [jvm.dll+0x78e45c]
V  [jvm.dll+0x78888a]
V  [jvm.dll+0x676935]
C  [ucrtbase.dll+0x37b0]
C  [KERNEL32.DLL+0x2e8d7]
C  [ntdll.dll+0x8c53c]


---------------  P R O C E S S  ---------------

Threads class SMR info:
_java_thread_list=0x0000024f4d398350, length=45, elements={
0x0000024f7e950fb0, 0x0000024f7e951880, 0x0000024f7e968520, 0x0000024f7e968df0,
0x0000024f7e9696c0, 0x0000024f7e969f90, 0x0000024f7e96e4a0, 0x0000024f7e976dc0,
0x0000024f7e989ed0, 0x0000024f7eb88310, 0x0000024f7ec86d50, 0x0000024f7ec84b30,
0x0000024f458f0700, 0x0000024f458e3920, 0x0000024f458e4850, 0x0000024f45a46ae0,
0x0000024f45a46ff0, 0x0000024f45a43d50, 0x0000024f45a49870, 0x0000024f45a47f20,
0x0000024f45a4acb0, 0x0000024f45a4a7a0, 0x0000024f45a47a10, 0x0000024f45a48940,
0x0000024f45a4b1c0, 0x0000024f45a48430, 0x0000024f45a48e50, 0x0000024f458e1ac0,
0x0000024f47e78520, 0x0000024f47e77b00, 0x0000024f47e75280, 0x0000024f47e770e0,
0x0000024f47e766c0, 0x0000024f47e75ca0, 0x0000024f47e78010, 0x0000024f47e78a30,
0x0000024f47e78f40, 0x0000024f47e761b0, 0x0000024f47e75790, 0x0000024f47e79e70,
0x0000024f47e79450, 0x0000024f47e7a380, 0x0000024f47e79960, 0x0000024f47e7a890,
0x0000024f47e7ada0
}

Java Threads: ( => current thread )
  0x0000024f7e950fb0 JavaThread "Reference Handler" daemon [_thread_blocked, id=20532, stack(0x0000007851b00000,0x0000007851c00000)]
  0x0000024f7e951880 JavaThread "Finalizer" daemon [_thread_blocked, id=1900, stack(0x0000007851c00000,0x0000007851d00000)]
  0x0000024f7e968520 JavaThread "Signal Dispatcher" daemon [_thread_blocked, id=3472, stack(0x0000007851d00000,0x0000007851e00000)]
  0x0000024f7e968df0 JavaThread "Attach Listener" daemon [_thread_blocked, id=14564, stack(0x0000007851e00000,0x0000007851f00000)]
  0x0000024f7e9696c0 JavaThread "Service Thread" daemon [_thread_blocked, id=12832, stack(0x0000007851f00000,0x0000007852000000)]
  0x0000024f7e969f90 JavaThread "Monitor Deflation Thread" daemon [_thread_blocked, id=38004, stack(0x0000007852000000,0x0000007852100000)]
=>0x0000024f7e96e4a0 JavaThread "C2 CompilerThread0" daemon [_thread_in_native, id=25968, stack(0x0000007852100000,0x0000007852200000)]
  0x0000024f7e976dc0 JavaThread "C1 CompilerThread0" daemon [_thread_blocked, id=26176, stack(0x0000007852200000,0x0000007852300000)]
  0x0000024f7e989ed0 JavaThread "Sweeper thread" daemon [_thread_blocked, id=34808, stack(0x0000007852300000,0x0000007852400000)]
  0x0000024f7eb88310 JavaThread "Common-Cleaner" daemon [_thread_blocked, id=13424, stack(0x0000007852400000,0x0000007852500000)]
  0x0000024f7ec86d50 JavaThread "Monitor Ctrl-Break" daemon [_thread_in_native, id=34944, stack(0x0000007852600000,0x0000007852700000)]
  0x0000024f7ec84b30 JavaThread "Notification Thread" daemon [_thread_blocked, id=39176, stack(0x0000007852700000,0x0000007852800000)]
  0x0000024f458f0700 JavaThread "RMI TCP Accept-0" daemon [_thread_in_native, id=36932, stack(0x0000007853500000,0x0000007853600000)]
  0x0000024f458e3920 JavaThread "RMI Scheduler(0)" daemon [_thread_blocked, id=42980, stack(0x0000007853700000,0x0000007853800000)]
  0x0000024f458e4850 JavaThread "JMX server connection timeout 31" daemon [_thread_blocked, id=38696, stack(0x0000007853800000,0x0000007853900000)]
  0x0000024f45a46ae0 JavaThread "Thread-4" daemon [_thread_in_native, id=19012, stack(0x0000007853f00000,0x0000007854000000)]
  0x0000024f45a46ff0 JavaThread "BufferPoolPruner-1-thread-1" daemon [_thread_blocked, id=13912, stack(0x0000007854000000,0x0000007854100000)]
  0x0000024f45a43d50 JavaThread "cluster-ClusterId{value='68f299d43f66ed01e6d608a2', description='null'}-ac-ibbuitz-shard-00-00.a18epgg.mongodb.net:27017" daemon [_thread_in_native, id=17308, stack(0x0000007854200000,0x0000007854300000)]
  0x0000024f45a49870 JavaThread "cluster-ClusterId{value='68f299d43f66ed01e6d608a2', description='null'}-ac-ibbuitz-shard-00-01.a18epgg.mongodb.net:27017" daemon [_thread_in_native, id=32428, stack(0x0000007854300000,0x0000007854400000)]
  0x0000024f45a47f20 JavaThread "cluster-ClusterId{value='68f299d43f66ed01e6d608a2', description='null'}-ac-ibbuitz-shard-00-02.a18epgg.mongodb.net:27017" daemon [_thread_in_native, id=19744, stack(0x0000007854400000,0x0000007854500000)]
  0x0000024f45a4acb0 JavaThread "Catalina-utility-1" [_thread_blocked, id=37052, stack(0x0000007854600000,0x0000007854700000)]
  0x0000024f45a4a7a0 JavaThread "Catalina-utility-2" [_thread_blocked, id=41024, stack(0x0000007854700000,0x0000007854800000)]
  0x0000024f45a47a10 JavaThread "container-0" [_thread_blocked, id=41680, stack(0x0000007854800000,0x0000007854900000)]
  0x0000024f45a48940 JavaThread "Live Reload Server" daemon [_thread_in_native, id=30572, stack(0x0000007854a00000,0x0000007854b00000)]
  0x0000024f45a4b1c0 JavaThread "cluster-rtt-ClusterId{value='68f299d43f66ed01e6d608a2', description='null'}-ac-ibbuitz-shard-00-01.a18epgg.mongodb.net:27017" daemon [_thread_blocked, id=7908, stack(0x0000007854900000,0x0000007854a00000)]
  0x0000024f45a48430 JavaThread "cluster-rtt-ClusterId{value='68f299d43f66ed01e6d608a2', description='null'}-ac-ibbuitz-shard-00-02.a18epgg.mongodb.net:27017" daemon [_thread_blocked, id=33572, stack(0x0000007854b00000,0x0000007854c00000)]
  0x0000024f45a48e50 JavaThread "cluster-rtt-ClusterId{value='68f299d43f66ed01e6d608a2', description='null'}-ac-ibbuitz-shard-00-00.a18epgg.mongodb.net:27017" daemon [_thread_blocked, id=34428, stack(0x0000007854c00000,0x0000007854d00000)]
  0x0000024f458e1ac0 JavaThread "MaintenanceTimer-4-thread-1" daemon [_thread_blocked, id=8772, stack(0x0000007854d00000,0x0000007854e00000)]
  0x0000024f47e78520 JavaThread "MaintenanceTimer-2-thread-1" daemon [_thread_blocked, id=29772, stack(0x0000007854e00000,0x0000007854f00000)]
  0x0000024f47e77b00 JavaThread "MaintenanceTimer-3-thread-1" daemon [_thread_blocked, id=8820, stack(0x0000007854f00000,0x0000007855000000)]
  0x0000024f47e75280 JavaThread "File Watcher" daemon [_thread_blocked, id=41476, stack(0x0000007855200000,0x0000007855300000)]
  0x0000024f47e770e0 JavaThread "http-nio-8080-exec-1" daemon [_thread_blocked, id=22172, stack(0x0000007855300000,0x0000007855400000)]
  0x0000024f47e766c0 JavaThread "http-nio-8080-exec-2" daemon [_thread_blocked, id=6136, stack(0x0000007855400000,0x0000007855500000)]
  0x0000024f47e75ca0 JavaThread "http-nio-8080-exec-3" daemon [_thread_blocked, id=18216, stack(0x0000007855500000,0x0000007855600000)]
  0x0000024f47e78010 JavaThread "http-nio-8080-exec-4" daemon [_thread_blocked, id=25560, stack(0x0000007855600000,0x0000007855700000)]
  0x0000024f47e78a30 JavaThread "http-nio-8080-exec-5" daemon [_thread_blocked, id=18824, stack(0x0000007855700000,0x0000007855800000)]
  0x0000024f47e78f40 JavaThread "http-nio-8080-exec-6" daemon [_thread_blocked, id=26348, stack(0x0000007855800000,0x0000007855900000)]
  0x0000024f47e761b0 JavaThread "http-nio-8080-exec-7" daemon [_thread_blocked, id=35476, stack(0x0000007855900000,0x0000007855a00000)]
  0x0000024f47e75790 JavaThread "http-nio-8080-exec-8" daemon [_thread_blocked, id=27876, stack(0x0000007855a00000,0x0000007855b00000)]
  0x0000024f47e79e70 JavaThread "http-nio-8080-exec-9" daemon [_thread_blocked, id=11088, stack(0x0000007855b00000,0x0000007855c00000)]
  0x0000024f47e79450 JavaThread "http-nio-8080-exec-10" daemon [_thread_blocked, id=36920, stack(0x0000007855c00000,0x0000007855d00000)]
  0x0000024f47e7a380 JavaThread "http-nio-8080-Poller" daemon [_thread_in_native, id=296, stack(0x0000007855d00000,0x0000007855e00000)]
  0x0000024f47e79960 JavaThread "http-nio-8080-Acceptor" daemon [_thread_in_native, id=8148, stack(0x0000007855e00000,0x0000007855f00000)]
  0x0000024f47e7a890 JavaThread "DestroyJavaVM" [_thread_blocked, id=32360, stack(0x0000007851400000,0x0000007851500000)]
  0x0000024f47e7ada0 JavaThread "RMI TCP Connection(2)-192.168.31.250" daemon [_thread_in_native, id=7520, stack(0x0000007851100000,0x0000007851200000)]

Other Threads:
  0x0000024f7e9446e0 VMThread "VM Thread" [stack: 0x0000007851a00000,0x0000007851b00000] [id=31996]
  0x0000024f7efeff50 WatcherThread [stack: 0x0000007852800000,0x0000007852900000] [id=3044]
  0x0000024f603b5fd0 GCTaskThread "GC Thread#0" [stack: 0x0000007851500000,0x0000007851600000] [id=42976]
  0x0000024f7ef09c90 GCTaskThread "GC Thread#1" [stack: 0x0000007852c00000,0x0000007852d00000] [id=22000]
  0x0000024f7ef08110 GCTaskThread "GC Thread#2" [stack: 0x0000007852d00000,0x0000007852e00000] [id=6088]
  0x0000024f7ef09710 GCTaskThread "GC Thread#3" [stack: 0x0000007852e00000,0x0000007852f00000] [id=20464]
  0x0000024f7ef083d0 GCTaskThread "GC Thread#4" [stack: 0x0000007852f00000,0x0000007853000000] [id=30688]
  0x0000024f7ef08690 GCTaskThread "GC Thread#5" [stack: 0x0000007853000000,0x0000007853100000] [id=1808]
  0x0000024f7ef08950 GCTaskThread "GC Thread#6" [stack: 0x0000007853100000,0x0000007853200000] [id=29588]
  0x0000024f7ef08c10 GCTaskThread "GC Thread#7" [stack: 0x0000007853200000,0x0000007853300000] [id=37256]
  0x0000024f7ef08ed0 GCTaskThread "GC Thread#8" [stack: 0x0000007853300000,0x0000007853400000] [id=14604]
  0x0000024f7ef09450 GCTaskThread "GC Thread#9" [stack: 0x0000007853400000,0x0000007853500000] [id=41880]
  0x0000024f45eb8fc0 GCTaskThread "GC Thread#10" [stack: 0x0000007853a00000,0x0000007853b00000] [id=22500]
  0x0000024f45eba880 GCTaskThread "GC Thread#11" [stack: 0x0000007853b00000,0x0000007853c00000] [id=12672]
  0x0000024f45eb8200 GCTaskThread "GC Thread#12" [stack: 0x0000007853c00000,0x0000007853d00000] [id=4280]
  0x0000024f603c6580 ConcurrentGCThread "G1 Main Marker" [stack: 0x0000007851600000,0x0000007851700000] [id=24304]
  0x0000024f603ca3f0 ConcurrentGCThread "G1 Conc#0" [stack: 0x0000007851700000,0x0000007851800000] [id=39844]
  0x0000024f45ebab40 ConcurrentGCThread "G1 Conc#1" [stack: 0x0000007853d00000,0x0000007853e00000] [id=14772]
  0x0000024f45eb9ac0 ConcurrentGCThread "G1 Conc#2" [stack: 0x0000007853e00000,0x0000007853f00000] [id=42804]
  0x0000024f6041ec50 ConcurrentGCThread "G1 Refine#0" [stack: 0x0000007851800000,0x0000007851900000] [id=38268]
  0x0000024f7e800530 ConcurrentGCThread "G1 Service" [stack: 0x0000007851900000,0x0000007851a00000] [id=39968]

Threads with active compile tasks:
C2 CompilerThread0   263039 7548       4       java.util.ArrayList::toArray (57 bytes)

VM state: not at safepoint (normal execution)

VM Mutex/Monitor currently owned by a thread: None

Heap address: 0x000000008ac00000, size: 1876 MB, Compressed Oops mode: 32-bit

CDS archive(s) mapped at: [0x0000024f00000000-0x0000024f00bd0000-0x0000024f00bd0000), size 12386304, SharedBaseAddress: 0x0000024f00000000, ArchiveRelocationMode: 1.
Compressed class space mapped at: 0x0000024f01000000-0x0000024f41000000, reserved size: 1073741824
Narrow klass base: 0x0000024f00000000, Narrow klass shift: 0, Narrow klass range: 0x100000000

GC Precious Log:
 CPUs: 16 total, 16 available
 Memory: 7501M
 Large Page Support: Disabled
 NUMA Support: Disabled
 Compressed Oops: Enabled (32-bit)
 Heap Region Size: 1M
 Heap Min Capacity: 8M
 Heap Initial Capacity: 118M
 Heap Max Capacity: 1876M
 Pre-touch: Disabled
 Parallel Workers: 13
 Concurrent Workers: 3
 Concurrent Refinement Workers: 13
 Periodic GC: Disabled

Heap:
 garbage-first heap   total 55296K, used 29153K [0x000000008ac00000, 0x0000000100000000)
  region size 1024K, 3 young (3072K), 1 survivors (1024K)
 Metaspace       used 53506K, committed 54016K, reserved 1114112K
  class space    used 6987K, committed 7232K, reserved 1048576K

Heap Regions: E=young(eden), S=young(survivor), O=old, HS=humongous(starts), HC=humongous(continues), CS=collection set, F=free, OA=open archive, CA=closed archive, TAMS=top-at-mark-start (previous, next)
|   0|0x000000008ac00000, 0x000000008ad00000, 0x000000008ad00000|100%| O|  |TAMS 0x000000008ad00000, 0x000000008ac00000| Untracked 
|   1|0x000000008ad00000, 0x000000008ae00000, 0x000000008ae00000|100%| O|  |TAMS 0x000000008ae00000, 0x000000008ad00000| Untracked 
|   2|0x000000008ae00000, 0x000000008af00000, 0x000000008af00000|100%| O|  |TAMS 0x000000008af00000, 0x000000008ae00000| Untracked 
|   3|0x000000008af00000, 0x000000008b000000, 0x000000008b000000|100%| O|  |TAMS 0x000000008b000000, 0x000000008af00000| Untracked 
|   4|0x000000008b000000, 0x000000008b100000, 0x000000008b100000|100%| O|  |TAMS 0x000000008b100000, 0x000000008b000000| Untracked 
|   5|0x000000008b100000, 0x000000008b200000, 0x000000008b200000|100%| O|  |TAMS 0x000000008b200000, 0x000000008b100000| Untracked 
|   6|0x000000008b200000, 0x000000008b200000, 0x000000008b300000|  0%| F|  |TAMS 0x000000008b200000, 0x000000008b200000| Untracked 
|   7|0x000000008b300000, 0x000000008b400000, 0x000000008b400000|100%| O|  |TAMS 0x000000008b400000, 0x000000008b300000| Untracked 
|   8|0x000000008b400000, 0x000000008b500000, 0x000000008b500000|100%| O|  |TAMS 0x000000008b500000, 0x000000008b400000| Untracked 
|   9|0x000000008b500000, 0x000000008b600000, 0x000000008b600000|100%| O|  |TAMS 0x000000008b600000, 0x000000008b500000| Untracked 
|  10|0x000000008b600000, 0x000000008b700000, 0x000000008b700000|100%| O|  |TAMS 0x000000008b700000, 0x000000008b600000| Untracked 
|  11|0x000000008b700000, 0x000000008b800000, 0x000000008b800000|100%| O|  |TAMS 0x000000008b800000, 0x000000008b700000| Untracked 
|  12|0x000000008b800000, 0x000000008b800000, 0x000000008b900000|  0%| F|  |TAMS 0x000000008b800000, 0x000000008b800000| Untracked 
|  13|0x000000008b900000, 0x000000008ba00000, 0x000000008ba00000|100%| O|  |TAMS 0x000000008ba00000, 0x000000008b900000| Untracked 
|  14|0x000000008ba00000, 0x000000008bb00000, 0x000000008bb00000|100%| O|  |TAMS 0x000000008bb00000, 0x000000008ba00000| Untracked 
|  15|0x000000008bb00000, 0x000000008bc00000, 0x000000008bc00000|100%| O|  |TAMS 0x000000008bc00000, 0x000000008bb00000| Untracked 
|  16|0x000000008bc00000, 0x000000008bd00000, 0x000000008bd00000|100%| O|  |TAMS 0x000000008bd00000, 0x000000008bc00000| Untracked 
|  17|0x000000008bd00000, 0x000000008be00000, 0x000000008be00000|100%| O|  |TAMS 0x000000008be00000, 0x000000008bd00000| Untracked 
|  18|0x000000008be00000, 0x000000008bf00000, 0x000000008bf00000|100%| O|  |TAMS 0x000000008bf00000, 0x000000008be00000| Untracked 
|  19|0x000000008bf00000, 0x000000008c000000, 0x000000008c000000|100%| O|  |TAMS 0x000000008c000000, 0x000000008bf00000| Untracked 
|  20|0x000000008c000000, 0x000000008c100000, 0x000000008c100000|100%| O|  |TAMS 0x000000008c100000, 0x000000008c000000| Untracked 
|  21|0x000000008c100000, 0x000000008c200000, 0x000000008c200000|100%| O|  |TAMS 0x000000008c200000, 0x000000008c100000| Untracked 
|  22|0x000000008c200000, 0x000000008c300000, 0x000000008c300000|100%| O|  |TAMS 0x000000008c300000, 0x000000008c200000| Untracked 
|  23|0x000000008c300000, 0x000000008c400000, 0x000000008c400000|100%| O|  |TAMS 0x000000008c400000, 0x000000008c300000| Untracked 
|  24|0x000000008c400000, 0x000000008c500000, 0x000000008c500000|100%| O|  |TAMS 0x000000008c500000, 0x000000008c400000| Untracked 
|  25|0x000000008c500000, 0x000000008c600000, 0x000000008c600000|100%| O|  |TAMS 0x000000008c596e00, 0x000000008c500000| Untracked 
|  26|0x000000008c600000, 0x000000008c700000, 0x000000008c700000|100%| O|  |TAMS 0x000000008c600000, 0x000000008c600000| Untracked 
|  27|0x000000008c700000, 0x000000008c800000, 0x000000008c800000|100%| O|  |TAMS 0x000000008c700000, 0x000000008c700000| Untracked 
|  28|0x000000008c800000, 0x000000008c900000, 0x000000008c900000|100%| O|  |TAMS 0x000000008c800000, 0x000000008c800000| Untracked 
|  29|0x000000008c900000, 0x000000008c909400, 0x000000008ca00000|  3%| O|  |TAMS 0x000000008c900000, 0x000000008c900000| Untracked 
|  30|0x000000008ca00000, 0x000000008ca00000, 0x000000008cb00000|  0%| F|  |TAMS 0x000000008ca00000, 0x000000008ca00000| Untracked 
|  31|0x000000008cb00000, 0x000000008cb00000, 0x000000008cc00000|  0%| F|  |TAMS 0x000000008cb00000, 0x000000008cb00000| Untracked 
|  32|0x000000008cc00000, 0x000000008cc00000, 0x000000008cd00000|  0%| F|  |TAMS 0x000000008cc00000, 0x000000008cc00000| Untracked 
|  33|0x000000008cd00000, 0x000000008cd00000, 0x000000008ce00000|  0%| F|  |TAMS 0x000000008cd00000, 0x000000008cd00000| Untracked 
|  34|0x000000008ce00000, 0x000000008ce00000, 0x000000008cf00000|  0%| F|  |TAMS 0x000000008ce00000, 0x000000008ce00000| Untracked 
|  35|0x000000008cf00000, 0x000000008cf00000, 0x000000008d000000|  0%| F|  |TAMS 0x000000008cf00000, 0x000000008cf00000| Untracked 
|  36|0x000000008d000000, 0x000000008d000000, 0x000000008d100000|  0%| F|  |TAMS 0x000000008d000000, 0x000000008d000000| Untracked 
|  37|0x000000008d100000, 0x000000008d100000, 0x000000008d200000|  0%| F|  |TAMS 0x000000008d100000, 0x000000008d100000| Untracked 
|  38|0x000000008d200000, 0x000000008d200000, 0x000000008d300000|  0%| F|  |TAMS 0x000000008d200000, 0x000000008d200000| Untracked 
|  39|0x000000008d300000, 0x000000008d300000, 0x000000008d400000|  0%| F|  |TAMS 0x000000008d300000, 0x000000008d300000| Untracked 
|  40|0x000000008d400000, 0x000000008d400000, 0x000000008d500000|  0%| F|  |TAMS 0x000000008d400000, 0x000000008d400000| Untracked 
|  41|0x000000008d500000, 0x000000008d500000, 0x000000008d600000|  0%| F|  |TAMS 0x000000008d500000, 0x000000008d500000| Untracked 
|  42|0x000000008d600000, 0x000000008d600000, 0x000000008d700000|  0%| F|  |TAMS 0x000000008d600000, 0x000000008d600000| Untracked 
|  43|0x000000008d700000, 0x000000008d700000, 0x000000008d800000|  0%| F|  |TAMS 0x000000008d700000, 0x000000008d700000| Untracked 
|  44|0x000000008d800000, 0x000000008d800000, 0x000000008d900000|  0%| F|  |TAMS 0x000000008d800000, 0x000000008d800000| Untracked 
|  45|0x000000008d900000, 0x000000008d900000, 0x000000008da00000|  0%| F|  |TAMS 0x000000008d900000, 0x000000008d900000| Untracked 
|  46|0x000000008da00000, 0x000000008da00000, 0x000000008db00000|  0%| F|  |TAMS 0x000000008da00000, 0x000000008da00000| Untracked 
|  47|0x000000008db00000, 0x000000008db00000, 0x000000008dc00000|  0%| F|  |TAMS 0x000000008db00000, 0x000000008db00000| Untracked 
|  79|0x000000008fb00000, 0x000000008fb00000, 0x000000008fc00000|  0%| F|  |TAMS 0x000000008fb00000, 0x000000008fb00000| Untracked 
|  80|0x000000008fc00000, 0x000000008fc00000, 0x000000008fd00000|  0%| F|  |TAMS 0x000000008fc00000, 0x000000008fc00000| Untracked 
|  81|0x000000008fd00000, 0x000000008fd00000, 0x000000008fe00000|  0%| F|  |TAMS 0x000000008fd00000, 0x000000008fd00000| Untracked 
|  82|0x000000008fe00000, 0x000000008fe69b08, 0x000000008ff00000| 41%| E|  |TAMS 0x000000008fe00000, 0x000000008fe00000| Complete 
|  83|0x000000008ff00000, 0x000000008ff6f150, 0x0000000090000000| 43%| S|CS|TAMS 0x000000008ff00000, 0x000000008ff00000| Complete 
| 117|0x0000000092100000, 0x0000000092200000, 0x0000000092200000|100%| E|CS|TAMS 0x0000000092100000, 0x0000000092100000| Complete 

Card table byte_map: [0x0000024f77720000,0x0000024f77ad0000] _byte_map_base: 0x0000024f772ca000

Marking Bits (Prev, Next): (CMBitMap*) 0x0000024f603b6500, (CMBitMap*) 0x0000024f603b6540
 Prev Bits: [0x0000024f77e80000, 0x0000024f79bd0000)
 Next Bits: [0x0000024f79bd0000, 0x0000024f7b920000)

Polling page: 0x0000024f5e1d0000

Metaspace:

Usage:
  Non-class:     45.43 MB used.
      Class:      6.82 MB used.
       Both:     52.25 MB used.

Virtual space:
  Non-class space:       64.00 MB reserved,      45.69 MB ( 71%) committed,  1 nodes.
      Class space:        1.00 GB reserved,       7.06 MB ( <1%) committed,  1 nodes.
             Both:        1.06 GB reserved,      52.75 MB (  5%) committed. 

Chunk freelists:
   Non-Class:  2.00 MB
       Class:  8.96 MB
        Both:  10.96 MB

MaxMetaspaceSize: unlimited
CompressedClassSpaceSize: 1.00 GB
Initial GC threshold: 21.00 MB
Current GC threshold: 87.62 MB
CDS: on
MetaspaceReclaimPolicy: balanced
 - commit_granule_bytes: 65536.
 - commit_granule_words: 8192.
 - virtual_space_node_default_size: 8388608.
 - enlarge_chunks_in_place: 1.
 - new_chunks_are_fully_committed: 0.
 - uncommit_free_chunks: 1.
 - use_allocation_guard: 0.
 - handle_deallocations: 1.


Internal statistics:

num_allocs_failed_limit: 6.
num_arena_births: 820.
num_arena_deaths: 22.
num_vsnodes_births: 2.
num_vsnodes_deaths: 0.
num_space_committed: 844.
num_space_uncommitted: 0.
num_chunks_returned_to_freelist: 39.
num_chunks_taken_from_freelist: 2722.
num_chunk_merges: 12.
num_chunk_splits: 1777.
num_chunks_enlarged: 1223.
num_inconsistent_stats: 0.

CodeHeap 'non-profiled nmethods': size=119168Kb used=2930Kb max_used=3269Kb free=116237Kb
 bounds [0x0000024f6f7a0000, 0x0000024f6fae0000, 0x0000024f76c00000]
CodeHeap 'profiled nmethods': size=119104Kb used=13258Kb max_used=13258Kb free=105845Kb
 bounds [0x0000024f67c00000, 0x0000024f68900000, 0x0000024f6f050000]
CodeHeap 'non-nmethods': size=7488Kb used=1305Kb max_used=2523Kb free=6182Kb
 bounds [0x0000024f6f050000, 0x0000024f6f2d0000, 0x0000024f6f7a0000]
 total_blobs=7344 nmethods=6717 adapters=539
 compilation: enabled
              stopped_count=0, restarted_count=0
 full_count=0

Compilation events (20 events):
Event: 248.006 Thread 0x0000024f7e976dc0 nmethod 7538 0x0000024f688ef110 code [0x0000024f688ef2a0, 0x0000024f688ef418]
Event: 248.006 Thread 0x0000024f7e976dc0 7539       3       org.bson.AbstractBsonWriter::writeStartDocument (135 bytes)
Event: 248.009 Thread 0x0000024f7e976dc0 nmethod 7539 0x0000024f688ef510 code [0x0000024f688ef7e0, 0x0000024f688f0dc8]
Event: 249.018 Thread 0x0000024f7e976dc0 7540       3       java.util.concurrent.locks.AbstractQueuedSynchronizer$ConditionObject::unlinkCancelledWaiters (91 bytes)
Event: 249.019 Thread 0x0000024f7e976dc0 nmethod 7540 0x0000024f688f1290 code [0x0000024f688f1460, 0x0000024f688f1918]
Event: 251.140 Thread 0x0000024f7e96e4a0 7541       4       java.util.TreeMap$KeyIterator::next (8 bytes)
Event: 251.148 Thread 0x0000024f7e96e4a0 nmethod 7541 0x0000024f6f99f510 code [0x0000024f6f99f6a0, 0x0000024f6f99f9b8]
Event: 254.549 Thread 0x0000024f7e96e4a0 7542       4       java.util.stream.AbstractPipeline::wrapAndCopyInto (18 bytes)
Event: 254.550 Thread 0x0000024f7e976dc0 7543       3       org.bson.BsonDocument::getInt32 (19 bytes)
Event: 254.550 Thread 0x0000024f7e976dc0 nmethod 7543 0x0000024f688f1a90 code [0x0000024f688f1c60, 0x0000024f688f21a8]
Event: 254.555 Thread 0x0000024f7e976dc0 7544       3       java.util.concurrent.ConcurrentLinkedDeque::last (65 bytes)
Event: 254.559 Thread 0x0000024f7e976dc0 nmethod 7544 0x0000024f688f2310 code [0x0000024f688f25c0, 0x0000024f688f3498]
Event: 254.560 Thread 0x0000024f7e976dc0 7545       3       com.mongodb.internal.connection.PowerOfTwoBufferPool$BufferPool::get (37 bytes)
Event: 254.561 Thread 0x0000024f7e976dc0 nmethod 7545 0x0000024f688f3a10 code [0x0000024f688f3c20, 0x0000024f688f4228]
Event: 254.566 Thread 0x0000024f7e96e4a0 nmethod 7542 0x0000024f6f99e910 code [0x0000024f6f99eae0, 0x0000024f6f99ef28]
Event: 258.137 Thread 0x0000024f7e976dc0 7546       3       org.bson.BsonBinaryWriter::getContext (5 bytes)
Event: 258.137 Thread 0x0000024f7e976dc0 nmethod 7546 0x0000024f688f4490 code [0x0000024f688f4640, 0x0000024f688f4938]
Event: 258.764 Thread 0x0000024f7e96e4a0 7547       4       java.lang.Number::<init> (5 bytes)
Event: 258.765 Thread 0x0000024f7e96e4a0 nmethod 7547 0x0000024f6f99e610 code [0x0000024f6f99e780, 0x0000024f6f99e7f8]
Event: 260.874 Thread 0x0000024f7e96e4a0 7548       4       java.util.ArrayList::toArray (57 bytes)

GC Heap History (20 events):
Event: 13.176 GC heap before
{Heap before GC invocations=11 (full 0):
 garbage-first heap   total 45056K, used 34522K [0x000000008ac00000, 0x0000000100000000)
  region size 1024K, 16 young (16384K), 2 survivors (2048K)
 Metaspace       used 42324K, committed 42944K, reserved 1114112K
  class space    used 5516K, committed 5824K, reserved 1048576K
}
Event: 13.180 GC heap after
{Heap after GC invocations=12 (full 0):
 garbage-first heap   total 45056K, used 22109K [0x000000008ac00000, 0x0000000100000000)
  region size 1024K, 2 young (2048K), 2 survivors (2048K)
 Metaspace       used 42324K, committed 42944K, reserved 1114112K
  class space    used 5516K, committed 5824K, reserved 1048576K
}
Event: 13.638 GC heap before
{Heap before GC invocations=12 (full 0):
 garbage-first heap   total 45056K, used 34397K [0x000000008ac00000, 0x0000000100000000)
  region size 1024K, 14 young (14336K), 2 survivors (2048K)
 Metaspace       used 44954K, committed 45568K, reserved 1114112K
  class space    used 5906K, committed 6208K, reserved 1048576K
}
Event: 13.642 GC heap after
{Heap after GC invocations=13 (full 0):
 garbage-first heap   total 45056K, used 23183K [0x000000008ac00000, 0x0000000100000000)
  region size 1024K, 2 young (2048K), 2 survivors (2048K)
 Metaspace       used 44954K, committed 45568K, reserved 1114112K
  class space    used 5906K, committed 6208K, reserved 1048576K
}
Event: 13.910 GC heap before
{Heap before GC invocations=14 (full 0):
 garbage-first heap   total 45056K, used 33423K [0x000000008ac00000, 0x0000000100000000)
  region size 1024K, 12 young (12288K), 2 survivors (2048K)
 Metaspace       used 46181K, committed 46656K, reserved 1114112K
  class space    used 6053K, committed 6272K, reserved 1048576K
}
Event: 13.914 GC heap after
{Heap after GC invocations=15 (full 0):
 garbage-first heap   total 45056K, used 23880K [0x000000008ac00000, 0x0000000100000000)
  region size 1024K, 2 young (2048K), 2 survivors (2048K)
 Metaspace       used 46181K, committed 46656K, reserved 1114112K
  class space    used 6053K, committed 6272K, reserved 1048576K
}
Event: 14.183 GC heap before
{Heap before GC invocations=15 (full 0):
 garbage-first heap   total 45056K, used 34120K [0x000000008ac00000, 0x0000000100000000)
  region size 1024K, 12 young (12288K), 2 survivors (2048K)
 Metaspace       used 47136K, committed 47744K, reserved 1114112K
  class space    used 6186K, committed 6528K, reserved 1048576K
}
Event: 14.187 GC heap after
{Heap after GC invocations=16 (full 0):
 garbage-first heap   total 45056K, used 24634K [0x000000008ac00000, 0x0000000100000000)
  region size 1024K, 2 young (2048K), 2 survivors (2048K)
 Metaspace       used 47136K, committed 47744K, reserved 1114112K
  class space    used 6186K, committed 6528K, reserved 1048576K
}
Event: 14.686 GC heap before
{Heap before GC invocations=17 (full 0):
 garbage-first heap   total 46080K, used 34874K [0x000000008ac00000, 0x0000000100000000)
  region size 1024K, 12 young (12288K), 2 survivors (2048K)
 Metaspace       used 48318K, committed 48896K, reserved 1114112K
  class space    used 6333K, committed 6656K, reserved 1048576K
}
Event: 14.691 GC heap after
{Heap after GC invocations=18 (full 0):
 garbage-first heap   total 55296K, used 25623K [0x000000008ac00000, 0x0000000100000000)
  region size 1024K, 2 young (2048K), 2 survivors (2048K)
 Metaspace       used 48318K, committed 48896K, reserved 1114112K
  class space    used 6333K, committed 6656K, reserved 1048576K
}
Event: 15.351 GC heap before
{Heap before GC invocations=18 (full 0):
 garbage-first heap   total 55296K, used 42007K [0x000000008ac00000, 0x0000000100000000)
  region size 1024K, 18 young (18432K), 2 survivors (2048K)
 Metaspace       used 49888K, committed 50496K, reserved 1114112K
  class space    used 6574K, committed 6848K, reserved 1048576K
}
Event: 15.355 GC heap after
{Heap after GC invocations=19 (full 0):
 garbage-first heap   total 55296K, used 27072K [0x000000008ac00000, 0x0000000100000000)
  region size 1024K, 3 young (3072K), 3 survivors (3072K)
 Metaspace       used 49888K, committed 50496K, reserved 1114112K
  class space    used 6574K, committed 6848K, reserved 1048576K
}
Event: 15.979 GC heap before
{Heap before GC invocations=20 (full 0):
 garbage-first heap   total 55296K, used 42432K [0x000000008ac00000, 0x0000000100000000)
  region size 1024K, 18 young (18432K), 3 survivors (3072K)
 Metaspace       used 51524K, committed 52096K, reserved 1114112K
  class space    used 6793K, committed 7104K, reserved 1048576K
}
Event: 15.983 GC heap after
{Heap after GC invocations=21 (full 0):
 garbage-first heap   total 55296K, used 28227K [0x000000008ac00000, 0x0000000100000000)
  region size 1024K, 3 young (3072K), 3 survivors (3072K)
 Metaspace       used 51524K, committed 52096K, reserved 1114112K
  class space    used 6793K, committed 7104K, reserved 1048576K
}
Event: 97.525 GC heap before
{Heap before GC invocations=21 (full 0):
 garbage-first heap   total 55296K, used 43587K [0x000000008ac00000, 0x0000000100000000)
  region size 1024K, 18 young (18432K), 3 survivors (3072K)
 Metaspace       used 53263K, committed 53824K, reserved 1114112K
  class space    used 6991K, committed 7232K, reserved 1048576K
}
Event: 97.563 GC heap after
{Heap after GC invocations=22 (full 0):
 garbage-first heap   total 55296K, used 28661K [0x000000008ac00000, 0x0000000100000000)
  region size 1024K, 2 young (2048K), 2 survivors (2048K)
 Metaspace       used 53263K, committed 53824K, reserved 1114112K
  class space    used 6991K, committed 7232K, reserved 1048576K
}
Event: 241.263 GC heap before
{Heap before GC invocations=23 (full 0):
 garbage-first heap   total 55296K, used 44021K [0x000000008ac00000, 0x0000000100000000)
  region size 1024K, 17 young (17408K), 2 survivors (2048K)
 Metaspace       used 53503K, committed 54016K, reserved 1114112K
  class space    used 6987K, committed 7232K, reserved 1048576K
}
Event: 241.314 GC heap after
{Heap after GC invocations=24 (full 0):
 garbage-first heap   total 55296K, used 28706K [0x000000008ac00000, 0x0000000100000000)
  region size 1024K, 1 young (1024K), 1 survivors (1024K)
 Metaspace       used 53503K, committed 54016K, reserved 1114112K
  class space    used 6987K, committed 7232K, reserved 1048576K
}
Event: 249.530 GC heap before
{Heap before GC invocations=24 (full 0):
 garbage-first heap   total 55296K, used 29730K [0x000000008ac00000, 0x0000000100000000)
  region size 1024K, 2 young (2048K), 1 survivors (1024K)
 Metaspace       used 53505K, committed 54016K, reserved 1114112K
  class space    used 6987K, committed 7232K, reserved 1048576K
}
Event: 249.586 GC heap after
{Heap after GC invocations=25 (full 0):
 garbage-first heap   total 55296K, used 28129K [0x000000008ac00000, 0x0000000100000000)
  region size 1024K, 1 young (1024K), 1 survivors (1024K)
 Metaspace       used 53505K, committed 54016K, reserved 1114112K
  class space    used 6987K, committed 7232K, reserved 1048576K
}

Deoptimization events (20 events):
Event: 24.768 Thread 0x0000024f45a48e50 DEOPT UNPACKING pc=0x0000024f6f0a2b43 sp=0x0000007854cfd7c0 mode 0
Event: 24.768 Thread 0x0000024f45a48430 DEOPT UNPACKING pc=0x0000024f6f0a2b43 sp=0x0000007854bfdb40 mode 0
Event: 24.768 Thread 0x0000024f45a48430 DEOPT PACKING pc=0x0000024f687502be sp=0x0000007854bfe710
Event: 24.768 Thread 0x0000024f45a48430 DEOPT UNPACKING pc=0x0000024f6f0a2b43 sp=0x0000007854bfdb40 mode 0
Event: 24.769 Thread 0x0000024f45a48430 DEOPT PACKING pc=0x0000024f67c50356 sp=0x0000007854bfee40
Event: 24.769 Thread 0x0000024f45a48430 DEOPT UNPACKING pc=0x0000024f6f0a2b43 sp=0x0000007854bfe2c8 mode 0
Event: 38.400 Thread 0x0000024f458e8a10 DEOPT PACKING pc=0x0000024f682d9990 sp=0x00000078536fdf20
Event: 38.400 Thread 0x0000024f458e8a10 DEOPT UNPACKING pc=0x0000024f6f0a2b43 sp=0x00000078536fd3e0 mode 0
Event: 38.400 Thread 0x0000024f458e8a10 DEOPT PACKING pc=0x0000024f682da064 sp=0x00000078536fde90
Event: 38.400 Thread 0x0000024f458e8a10 DEOPT UNPACKING pc=0x0000024f6f0a2b43 sp=0x00000078536fd358 mode 0
Event: 55.293 Thread 0x0000024f45a4b1c0 DEOPT PACKING pc=0x0000024f688a240b sp=0x00000078549fe2e0
Event: 55.293 Thread 0x0000024f45a4b1c0 DEOPT UNPACKING pc=0x0000024f6f0a2b43 sp=0x00000078549fd7d0 mode 0
Event: 136.484 Thread 0x0000024f45a48430 DEOPT PACKING pc=0x0000024f6840bbc2 sp=0x0000007854bfe6d0
Event: 136.484 Thread 0x0000024f45a48e50 DEOPT PACKING pc=0x0000024f6840bbc2 sp=0x0000007854cfe350
Event: 136.491 Thread 0x0000024f45a48430 DEOPT UNPACKING pc=0x0000024f6f0a2b43 sp=0x0000007854bfdb90 mode 0
Event: 136.492 Thread 0x0000024f45a48e50 DEOPT UNPACKING pc=0x0000024f6f0a2b43 sp=0x0000007854cfd810 mode 0
Event: 185.202 Thread 0x0000024f47e7ada0 DEOPT PACKING pc=0x0000024f68563349 sp=0x00000078511fe0d0
Event: 185.202 Thread 0x0000024f47e7ada0 DEOPT UNPACKING pc=0x0000024f6f0a2b43 sp=0x00000078511fd580 mode 0
Event: 187.366 Thread 0x0000024f47e7ada0 DEOPT PACKING pc=0x0000024f687ca660 sp=0x00000078511fe1c0
Event: 187.366 Thread 0x0000024f47e7ada0 DEOPT UNPACKING pc=0x0000024f6f0a2b43 sp=0x00000078511fd680 mode 0

Classes unloaded (11 events):
Event: 15.383 Thread 0x0000024f7e9446e0 Unloading class 0x0000024f015a1000 'java/lang/invoke/LambdaForm$DMH+0x0000024f015a1000'
Event: 15.383 Thread 0x0000024f7e9446e0 Unloading class 0x0000024f015a0c00 'java/lang/invoke/LambdaForm$DMH+0x0000024f015a0c00'
Event: 15.383 Thread 0x0000024f7e9446e0 Unloading class 0x0000024f015a0800 'java/lang/invoke/LambdaForm$DMH+0x0000024f015a0800'
Event: 15.383 Thread 0x0000024f7e9446e0 Unloading class 0x0000024f015a0400 'java/lang/invoke/LambdaForm$DMH+0x0000024f015a0400'
Event: 97.613 Thread 0x0000024f7e9446e0 Unloading class 0x0000024f01650c00 'jdk/internal/reflect/GeneratedSerializationConstructorAccessor21'
Event: 97.614 Thread 0x0000024f7e9446e0 Unloading class 0x0000024f01650800 'java/lang/invoke/LambdaForm$DMH+0x0000024f01650800'
Event: 97.614 Thread 0x0000024f7e9446e0 Unloading class 0x0000024f01650400 'java/lang/invoke/LambdaForm$DMH+0x0000024f01650400'
Event: 97.614 Thread 0x0000024f7e9446e0 Unloading class 0x0000024f01644000 'jdk/internal/reflect/GeneratedSerializationConstructorAccessor20'
Event: 97.614 Thread 0x0000024f7e9446e0 Unloading class 0x0000024f01635800 'java/lang/invoke/LambdaForm$DMH+0x0000024f01635800'
Event: 97.614 Thread 0x0000024f7e9446e0 Unloading class 0x0000024f01635400 'java/lang/invoke/LambdaForm$DMH+0x0000024f01635400'
Event: 97.614 Thread 0x0000024f7e9446e0 Unloading class 0x0000024f01634000 'jdk/internal/reflect/GeneratedSerializationConstructorAccessor19'

Classes redefined (0 events):
No events

Internal exceptions (20 events):
Event: 13.617 Thread 0x0000024f45732010 Exception <a 'java/io/FileNotFoundException'{0x000000008cc40b38}> (0x000000008cc40b38) 
thrown [s\open\src\hotspot\share\prims\jni.cpp, line 516]
Event: 13.722 Thread 0x0000024f45732010 Exception <a 'java/lang/NoSuchMethodError'{0x000000008fe2e1b8}: 'void java.lang.invoke.DirectMethodHandle$Holder.invokeVirtual(java.lang.Object, java.lang.Object, long)'> (0x000000008fe2e1b8) 
thrown [s\open\src\hotspot\share\interpreter\linkResolver.cpp, line 759]
Event: 13.868 Thread 0x0000024f45732010 Exception <a 'java/lang/NoSuchMethodError'{0x000000008cfdb2c8}: 'int java.lang.invoke.DirectMethodHandle$Holder.invokeStaticInit(java.lang.Object, int, java.lang.Object, java.lang.Object, java.lang.Object, java.lang.Object)'> (0x000000008cfdb2c8) 
thrown [s\open\src\hotspot\share\interpreter\linkResolver.cpp, line 759]
Event: 13.976 Thread 0x0000024f45a49870 Exception <a 'java/lang/NoSuchMethodError'{0x000000008ff55108}: 'void java.lang.invoke.DirectMethodHandle$Holder.invokeStatic(java.lang.Object, long)'> (0x000000008ff55108) 
thrown [s\open\src\hotspot\share\interpreter\linkResolver.cpp, line 759]
Event: 13.976 Thread 0x0000024f45a43d50 Exception <a 'java/lang/NoSuchMethodError'{0x000000008ff599f0}: 'void java.lang.invoke.DirectMethodHandle$Holder.invokeStatic(java.lang.Object, long)'> (0x000000008ff599f0) 
thrown [s\open\src\hotspot\share\interpreter\linkResolver.cpp, line 759]
Event: 13.977 Thread 0x0000024f45a47f20 Exception <a 'java/lang/NoSuchMethodError'{0x000000008ff52358}: 'void java.lang.invoke.DirectMethodHandle$Holder.invokeStatic(java.lang.Object, long)'> (0x000000008ff52358) 
thrown [s\open\src\hotspot\share\interpreter\linkResolver.cpp, line 759]
Event: 14.168 Thread 0x0000024f45a48430 Exception <a 'java/lang/reflect/InvocationTargetException'{0x000000008ce167f8}> (0x000000008ce167f8) 
thrown [s\open\src\hotspot\share\runtime\reflection.cpp, line 1121]
Event: 14.168 Thread 0x0000024f45a4b1c0 Exception <a 'java/lang/reflect/InvocationTargetException'{0x000000008ce0be60}> (0x000000008ce0be60) 
thrown [s\open\src\hotspot\share\runtime\reflection.cpp, line 1121]
Event: 14.169 Thread 0x0000024f45a48e50 Exception <a 'java/lang/reflect/InvocationTargetException'{0x000000008ce20fd8}> (0x000000008ce20fd8) 
thrown [s\open\src\hotspot\share\runtime\reflection.cpp, line 1121]
Event: 14.180 Thread 0x0000024f45a49870 Exception <a 'java/lang/NoSuchMethodError'{0x000000008ce35090}: 'void java.lang.invoke.DirectMethodHandle$Holder.invokeStatic(java.lang.Object, java.lang.Object, long)'> (0x000000008ce35090) 
thrown [s\open\src\hotspot\share\interpreter\linkResolver.cpp, line 759]
Event: 14.180 Thread 0x0000024f45a43d50 Exception <a 'java/lang/NoSuchMethodError'{0x000000008cedf668}: 'void java.lang.invoke.DirectMethodHandle$Holder.invokeStatic(java.lang.Object, java.lang.Object, long)'> (0x000000008cedf668) 
thrown [s\open\src\hotspot\share\interpreter\linkResolver.cpp, line 759]
Event: 14.180 Thread 0x0000024f45a47f20 Exception <a 'java/lang/NoSuchMethodError'{0x000000008ced0df8}: 'void java.lang.invoke.DirectMethodHandle$Holder.invokeStatic(java.lang.Object, java.lang.Object, long)'> (0x000000008ced0df8) 
thrown [s\open\src\hotspot\share\interpreter\linkResolver.cpp, line 759]
Event: 14.791 Thread 0x0000024f45732010 Exception <a 'sun/nio/fs/WindowsException'{0x000000008fe13348}> (0x000000008fe13348) 
thrown [s\open\src\hotspot\share\prims\jni.cpp, line 516]
Event: 14.919 Thread 0x0000024f45732010 Exception <a 'java/lang/IncompatibleClassChangeError'{0x000000008db00048}: Found class java.lang.Object, but interface was expected> (0x000000008db00048) 
thrown [s\open\src\hotspot\share\interpreter\linkResolver.cpp, line 826]
Event: 15.457 Thread 0x0000024f45732010 Exception <a 'java/lang/NoSuchMethodError'{0x000000008fe8dfb0}: 'java.lang.Object java.lang.invoke.DirectMethodHandle$Holder.invokeInterface(java.lang.Object, java.lang.Object, java.lang.Object, java.lang.Object)'> (0x000000008fe8dfb0) 
thrown [s\open\src\hotspot\share\interpreter\linkResolver.cpp, line 759]
Event: 15.959 Thread 0x0000024f45732010 Exception <a 'java/lang/NoSuchMethodError'{0x000000008d3564d0}: 'java.lang.Object java.lang.invoke.DirectMethodHandle$Holder.newInvokeSpecial(java.lang.Object, java.lang.Object, int, java.lang.Object, java.lang.Object)'> (0x000000008d3564d0) 
thrown [s\open\src\hotspot\share\interpreter\linkResolver.cpp, line 759]
Event: 16.143 Thread 0x0000024f45732010 Exception <a 'java/lang/NoSuchMethodError'{0x000000008fef90f8}: 'java.lang.Object java.lang.invoke.DirectMethodHandle$Holder.newInvokeSpecial(java.lang.Object, java.lang.Object, java.lang.Object, java.lang.Object, java.lang.Object, java.lang.Object, java.lang.Object, java.lang.Object)'> (0x000000008fef90f8) 
thrown [s\open\src\hotspot\share\interpreter\linkResolver.cpp, line 759]
Event: 16.144 Thread 0x0000024f45732010 Exception <a 'java/lang/NoSuchMethodError'{0x000000008fefde00}: 'java.lang.Object java.lang.invoke.Invokers$Holder.linkToTargetMethod(java.lang.Object, java.lang.Object, java.lang.Object, java.lang.Object, java.lang.Object, java.lang.Object, java.lang.Object, java.lang.Object)'> (0x000000008fefde00) 
thrown [s\open\src\hotspot\share\interpreter\linkResolver.cpp, line 759]
Event: 16.179 Thread 0x0000024f45732010 Exception <a 'java/lang/reflect/InvocationTargetException'{0x000000008fda7df8}> (0x000000008fda7df8) 
thrown [s\open\src\hotspot\share\runtime\reflection.cpp, line 1121]
Event: 17.351 Thread 0x0000024f45732010 Exception <a 'java/lang/NoSuchMethodError'{0x000000008fb2bde8}: 'long java.lang.invoke.DirectMethodHandle$Holder.invokeStatic(java.lang.Object, long)'> (0x000000008fb2bde8) 
thrown [s\open\src\hotspot\share\interpreter\linkResolver.cpp, line 759]

VM Operations (20 events):
Event: 217.357 Executing VM operation: Cleanup
Event: 217.357 Executing VM operation: Cleanup done
Event: 218.369 Executing VM operation: Cleanup
Event: 218.370 Executing VM operation: Cleanup done
Event: 225.452 Executing VM operation: Cleanup
Event: 225.452 Executing VM operation: Cleanup done
Event: 229.496 Executing VM operation: Cleanup
Event: 229.496 Executing VM operation: Cleanup done
Event: 235.568 Executing VM operation: Cleanup
Event: 235.569 Executing VM operation: Cleanup done
Event: 238.612 Executing VM operation: Cleanup
Event: 238.612 Executing VM operation: Cleanup done
Event: 241.260 Executing VM operation: G1CollectForAllocation
Event: 241.314 Executing VM operation: G1CollectForAllocation done
Event: 248.389 Executing VM operation: Cleanup
Event: 248.389 Executing VM operation: Cleanup done
Event: 249.530 Executing VM operation: G1CollectForAllocation
Event: 249.586 Executing VM operation: G1CollectForAllocation done
Event: 262.728 Executing VM operation: Cleanup
Event: 262.728 Executing VM operation: Cleanup done

Events (20 events):
Event: 17.367 loading class com/sun/beans/util/Cache$CacheEntry
Event: 17.367 loading class com/sun/beans/util/Cache$CacheEntry done
Event: 17.368 Thread 0x0000024f7f285e70 Thread exited: 0x0000024f7f285e70
Event: 17.368 Thread 0x0000024f6035bf40 Thread exited: 0x0000024f6035bf40
Event: 17.369 Thread 0x0000024f47e7a890 Thread added: 0x0000024f47e7a890
Event: 17.597 Thread 0x0000024f4514c450 Thread exited: 0x0000024f4514c450
Event: 17.598 Thread 0x0000024f456b5cb0 Thread added: 0x0000024f456b5cb0
Event: 17.802 Thread 0x0000024f456b5cb0 Thread exited: 0x0000024f456b5cb0
Event: 18.657 Thread 0x0000024f7eb8ff30 Thread exited: 0x0000024f7eb8ff30
Event: 24.355 loading class java/util/concurrent/ConcurrentLinkedDeque$CLDSpliterator
Event: 24.356 loading class java/util/concurrent/ConcurrentLinkedDeque$CLDSpliterator done
Event: 72.490 Thread 0x0000024f45a47500 Thread exited: 0x0000024f45a47500
Event: 74.403 loading class jdk/internal/access/foreign/MemorySegmentProxy
Event: 74.404 loading class jdk/internal/access/foreign/MemorySegmentProxy done
Event: 111.618 Thread 0x0000024f47e7ada0 Thread added: 0x0000024f47e7ada0
Event: 142.273 Thread 0x0000024f456b71f0 Thread added: 0x0000024f456b71f0
Event: 146.463 Thread 0x0000024f456b71f0 Thread exited: 0x0000024f456b71f0
Event: 186.617 Thread 0x0000024f458e8a10 Thread exited: 0x0000024f458e8a10
Event: 214.531 Thread 0x0000024f456b7740 Thread added: 0x0000024f456b7740
Event: 216.049 Thread 0x0000024f456b7740 Thread exited: 0x0000024f456b7740


Dynamic libraries:
0x00007ff749f00000 - 0x00007ff749f10000 	C:\Program Files\Java\jdk-17\bin\java.exe
0x00007ff87d460000 - 0x00007ff87d6c8000 	C:\WINDOWS\SYSTEM32\ntdll.dll
0x00007ff852820000 - 0x00007ff852840000 	C:\Program Files\Avast Software\Avast\aswhook.dll
0x00007ff87c0e0000 - 0x00007ff87c1a9000 	C:\WINDOWS\System32\KERNEL32.DLL
0x00007ff87a970000 - 0x00007ff87ad62000 	C:\WINDOWS\System32\KERNELBASE.dll
0x00007ff87ad70000 - 0x00007ff87aebb000 	C:\WINDOWS\System32\ucrtbase.dll
0x00007ff865350000 - 0x00007ff86536b000 	C:\Program Files\Java\jdk-17\bin\VCRUNTIME140.dll
0x00007ff866f70000 - 0x00007ff866f89000 	C:\Program Files\Java\jdk-17\bin\jli.dll
0x00007ff87b980000 - 0x00007ff87ba34000 	C:\WINDOWS\System32\ADVAPI32.dll
0x00007ff87beb0000 - 0x00007ff87bf59000 	C:\WINDOWS\System32\msvcrt.dll
0x00007ff87b230000 - 0x00007ff87b2d6000 	C:\WINDOWS\System32\sechost.dll
0x00007ff87bfc0000 - 0x00007ff87c0d8000 	C:\WINDOWS\System32\RPCRT4.dll
0x00007ff87c530000 - 0x00007ff87c6f5000 	C:\WINDOWS\System32\USER32.dll
0x00007ff87b160000 - 0x00007ff87b187000 	C:\WINDOWS\System32\win32u.dll
0x00007ff87b770000 - 0x00007ff87b79b000 	C:\WINDOWS\System32\GDI32.dll
0x00007ff864770000 - 0x00007ff864a03000 	C:\WINDOWS\WinSxS\amd64_microsoft.windows.common-controls_6595b64144ccf1df_6.0.26100.6899_none_3e0efeeae32e88c1\COMCTL32.dll
0x00007ff87b030000 - 0x00007ff87b15d000 	C:\WINDOWS\System32\gdi32full.dll
0x00007ff87a5f0000 - 0x00007ff87a693000 	C:\WINDOWS\System32\msvcp_win.dll
0x00007ff873f10000 - 0x00007ff873f1b000 	C:\WINDOWS\SYSTEM32\VERSION.dll
0x00007ff87d2b0000 - 0x00007ff87d2df000 	C:\WINDOWS\System32\IMM32.DLL
0x00007ff86d510000 - 0x00007ff86d51c000 	C:\Program Files\Java\jdk-17\bin\vcruntime140_1.dll
0x00007ff8345b0000 - 0x00007ff83463e000 	C:\Program Files\Java\jdk-17\bin\msvcp140.dll
0x00007ff80b730000 - 0x00007ff80c30f000 	C:\Program Files\Java\jdk-17\bin\server\jvm.dll
0x00007ff87bea0000 - 0x00007ff87bea8000 	C:\WINDOWS\System32\PSAPI.DLL
0x00007ff873ed0000 - 0x00007ff873f05000 	C:\WINDOWS\SYSTEM32\WINMM.dll
0x00007ff86dcd0000 - 0x00007ff86dcda000 	C:\WINDOWS\SYSTEM32\WSOCK32.dll
0x00007ff87c960000 - 0x00007ff87c9d4000 	C:\WINDOWS\System32\WS2_32.dll
0x00007ff8793c0000 - 0x00007ff8793db000 	C:\WINDOWS\SYSTEM32\kernel.appcore.dll
0x00007ff865340000 - 0x00007ff86534a000 	C:\Program Files\Java\jdk-17\bin\jimage.dll
0x00007ff86ef60000 - 0x00007ff86f1a2000 	C:\WINDOWS\SYSTEM32\DBGHELP.DLL
0x00007ff87c1b0000 - 0x00007ff87c52b000 	C:\WINDOWS\System32\combase.dll
0x00007ff87bda0000 - 0x00007ff87be77000 	C:\WINDOWS\System32\OLEAUT32.dll
0x00007ff86e0d0000 - 0x00007ff86e10c000 	C:\WINDOWS\SYSTEM32\dbgcore.DLL
0x00007ff87b190000 - 0x00007ff87b228000 	C:\WINDOWS\System32\bcryptPrimitives.dll
0x00007ff862040000 - 0x00007ff86204e000 	C:\Program Files\Java\jdk-17\bin\instrument.dll
0x00007ff8578a0000 - 0x00007ff8578c5000 	C:\Program Files\Java\jdk-17\bin\java.dll
0x00007ff828f70000 - 0x00007ff829047000 	C:\Program Files\Java\jdk-17\bin\jsvml.dll
0x00007ff87cb30000 - 0x00007ff87d27d000 	C:\WINDOWS\System32\SHELL32.dll
0x00007ff87aec0000 - 0x00007ff87b02b000 	C:\WINDOWS\System32\wintypes.dll
0x00007ff878260000 - 0x00007ff878abd000 	C:\WINDOWS\SYSTEM32\windows.storage.dll
0x00007ff87bc10000 - 0x00007ff87bd02000 	C:\WINDOWS\System32\SHCORE.dll
0x00007ff87d2f0000 - 0x00007ff87d352000 	C:\WINDOWS\System32\shlwapi.dll
0x00007ff87a510000 - 0x00007ff87a539000 	C:\WINDOWS\SYSTEM32\profapi.dll
0x00007ff8577d0000 - 0x00007ff8577e8000 	C:\Program Files\Java\jdk-17\bin\zip.dll
0x00007ff864230000 - 0x00007ff864249000 	C:\Program Files\Java\jdk-17\bin\net.dll
0x00007ff873980000 - 0x00007ff873a9f000 	C:\WINDOWS\SYSTEM32\WINHTTP.dll
0x00007ff879930000 - 0x00007ff87999b000 	C:\WINDOWS\system32\mswsock.dll
0x00007ff8628e0000 - 0x00007ff8628f6000 	C:\Program Files\Java\jdk-17\bin\nio.dll
0x00007ff8577b0000 - 0x00007ff8577ca000 	C:\Program Files\JetBrains\IntelliJ IDEA 2024.3\bin\breakgen64.dll
0x00007ff878ed0000 - 0x00007ff878ff6000 	C:\WINDOWS\SYSTEM32\DNSAPI.dll
0x00007ff878e30000 - 0x00007ff878e64000 	C:\WINDOWS\SYSTEM32\IPHLPAPI.DLL
0x00007ff87be80000 - 0x00007ff87be8a000 	C:\WINDOWS\System32\NSI.dll
0x00007ff8715a0000 - 0x00007ff8715ab000 	C:\Windows\System32\rasadhlp.dll
0x00007ff8746f0000 - 0x00007ff874776000 	C:\WINDOWS\System32\fwpuclnt.dll
0x00007ff864140000 - 0x00007ff86414a000 	C:\Program Files\Java\jdk-17\bin\management.dll
0x00007ff862410000 - 0x00007ff86241b000 	C:\Program Files\Java\jdk-17\bin\management_ext.dll
0x00007ff879be0000 - 0x00007ff879bfb000 	C:\WINDOWS\SYSTEM32\CRYPTSP.dll
0x00007ff879320000 - 0x00007ff87935b000 	C:\WINDOWS\system32\rsaenh.dll
0x00007ff8799d0000 - 0x00007ff8799fb000 	C:\WINDOWS\SYSTEM32\USERENV.dll
0x00007ff87a4e0000 - 0x00007ff87a506000 	C:\WINDOWS\SYSTEM32\bcrypt.dll
0x00007ff879c00000 - 0x00007ff879c0c000 	C:\WINDOWS\SYSTEM32\CRYPTBASE.dll
0x00007ff874430000 - 0x00007ff87444e000 	C:\WINDOWS\SYSTEM32\dhcpcsvc6.DLL
0x00007ff874240000 - 0x00007ff874263000 	C:\WINDOWS\SYSTEM32\dhcpcsvc.DLL
0x00007ff857ee0000 - 0x00007ff857ef8000 	C:\WINDOWS\system32\napinsp.dll
0x00007ff857ec0000 - 0x00007ff857ed2000 	C:\WINDOWS\System32\winrnr.dll
0x00007ff857e90000 - 0x00007ff857eb8000 	C:\WINDOWS\system32\nlansp_c.dll
0x00007ff857e70000 - 0x00007ff857e86000 	C:\WINDOWS\system32\wshbth.dll
0x00007ff850200000 - 0x00007ff850256000 	C:\WINDOWS\SYSTEM32\pdh.dll
0x00007fffd8cd0000 - 0x00007fffd8ce2000 	C:\WINDOWS\System32\perfproc.dll
0x00007ff865330000 - 0x00007ff86533e000 	C:\Program Files\Java\jdk-17\bin\sunmscapi.dll
0x00007ff87a730000 - 0x00007ff87a8a7000 	C:\WINDOWS\System32\CRYPT32.dll
0x00007ff879e00000 - 0x00007ff879e30000 	C:\WINDOWS\SYSTEM32\ncrypt.dll
0x00007ff879db0000 - 0x00007ff879def000 	C:\WINDOWS\SYSTEM32\NTASN1.dll
0x00007ffff70a0000 - 0x00007ffff70a8000 	C:\WINDOWS\system32\wshunix.dll

dbghelp: loaded successfully - version: 4.0.5 - missing functions: none
symbol engine: initialized successfully - sym options: 0x614 - pdb path: .;C:\Program Files\Java\jdk-17\bin;C:\WINDOWS\SYSTEM32;C:\Program Files\Avast Software\Avast;C:\WINDOWS\WinSxS\amd64_microsoft.windows.common-controls_6595b64144ccf1df_6.0.26100.6899_none_3e0efeeae32e88c1;C:\Program Files\Java\jdk-17\bin\server;C:\Program Files\JetBrains\IntelliJ IDEA 2024.3\bin

VM Arguments:
jvm_args: -javaagent:C:\Program Files\JetBrains\IntelliJ IDEA 2024.3\lib\idea_rt.jar=64443:C:\Program Files\JetBrains\IntelliJ IDEA 2024.3\bin -Dfile.encoding=UTF-8 
java_command: com.CooperativeDevelopmentManagementSystem.DCDSystem.DcdSystemApplication
java_class_path (initial): C:\Users\USER\Downloads\Coop System\Coop System\DCD System\target\classes;C:\Users\USER\.m2\repository\org\springframework\boot\spring-boot-starter-data-mongodb\3.5.6\spring-boot-starter-data-mongodb-3.5.6.jar;C:\Users\USER\.m2\repository\org\springframework\boot\spring-boot-starter\3.5.6\spring-boot-starter-3.5.6.jar;C:\Users\USER\.m2\repository\org\springframework\boot\spring-boot-starter-logging\3.5.6\spring-boot-starter-logging-3.5.6.jar;C:\Users\USER\.m2\repository\ch\qos\logback\logback-classic\1.5.18\logback-classic-1.5.18.jar;C:\Users\USER\.m2\repository\ch\qos\logback\logback-core\1.5.18\logback-core-1.5.18.jar;C:\Users\USER\.m2\repository\org\apache\logging\log4j\log4j-to-slf4j\2.24.3\log4j-to-slf4j-2.24.3.jar;C:\Users\USER\.m2\repository\org\apache\logging\log4j\log4j-api\2.24.3\log4j-api-2.24.3.jar;C:\Users\USER\.m2\repository\org\slf4j\jul-to-slf4j\2.0.17\jul-to-slf4j-2.0.17.jar;C:\Users\USER\.m2\repository\jakarta\annotation\jakarta.annotation-api\2.1.1\jakarta.annotation-api-2.1.1.jar;C:\Users\USER\.m2\repository\org\yaml\snakeyaml\2.4\snakeyaml-2.4.jar;C:\Users\USER\.m2\repository\org\mongodb\mongodb-driver-sync\5.5.1\mongodb-driver-sync-5.5.1.jar;C:\Users\USER\.m2\repository\org\mongodb\bson\5.5.1\bson-5.5.1.jar;C:\Users\USER\.m2\repository\org\mongodb\mongodb-driver-core\5.5.1\mongodb-driver-core-5.5.1.jar;C:\Users\USER\.m2\repository\org\mongodb\bson-record-codec\5.5.1\bson-record-codec-5.5.1.jar;C:\Users\USER\.m2\repository\org\springframework\data\spring-data-mongodb\4.5.4\spring-data-mongodb-4.5.4.jar;C:\Users\USER\.m2\repository\org\springframework\spring-tx\6.2.11\spring-tx-6.2.11.jar;C:\Users\USER\.m2\repository\org\springframework\spring-context\6.2.11\spring-context-6.2.11.jar;C:\Users\USER\.m2\repository\org\springframework\spring-beans\6.2.11\spring-beans-6.2.11.jar;C:\Users\USER\.m2\repository\org\springframework\spring-expression\6.2.11\spring-expression-6.2.11.jar;C:\Users\USER\.m2\repository\org\springfra
Launcher Type: SUN_STANDARD

[Global flags]
     intx CICompilerCount                          = 12                                        {product} {ergonomic}
     uint ConcGCThreads                            = 3                                         {product} {ergonomic}
     uint G1ConcRefinementThreads                  = 13                                        {product} {ergonomic}
   size_t G1HeapRegionSize                         = 1048576                                   {product} {ergonomic}
    uintx GCDrainStackTargetSize                   = 64                                        {product} {ergonomic}
   size_t InitialHeapSize                          = 123731968                                 {product} {ergonomic}
   size_t MarkStackSize                            = 4194304                                   {product} {ergonomic}
   size_t MaxHeapSize                              = 1967128576                                {product} {ergonomic}
   size_t MaxNewSize                               = 1179648000                                {product} {ergonomic}
   size_t MinHeapDeltaBytes                        = 1048576                                   {product} {ergonomic}
   size_t MinHeapSize                              = 8388608                                   {product} {ergonomic}
    uintx NonNMethodCodeHeapSize                   = 7602480                                {pd product} {ergonomic}
    uintx NonProfiledCodeHeapSize                  = 122027880                              {pd product} {ergonomic}
    uintx ProfiledCodeHeapSize                     = 122027880                              {pd product} {ergonomic}
    uintx ReservedCodeCacheSize                    = 251658240                              {pd product} {ergonomic}
     bool SegmentedCodeCache                       = true                                      {product} {ergonomic}
   size_t SoftMaxHeapSize                          = 1967128576                             {manageable} {ergonomic}
     bool UseCompressedClassPointers               = true                           {product lp64_product} {ergonomic}
     bool UseCompressedOops                        = true                           {product lp64_product} {ergonomic}
     bool UseG1GC                                  = true                                      {product} {ergonomic}
     bool UseLargePagesIndividualAllocation        = false                                  {pd product} {ergonomic}

Logging:
Log output configuration:
 #0: stdout all=warning uptime,level,tags
 #1: stderr all=off uptime,level,tags

Environment Variables:
JAVA_HOME=C:\Program Files\Java\jdk-17
PATH=C:\Program Files (x86)\Microsoft SDKs\Azure\CLI2\wbin;C:\Program Files\nodejs\;C:\Program Files\apache-maven-3.9.11\bin;C:\Users\USER\AppData\Local\Microsoft\WindowsApps;C:\Program Files\JetBrains\PyCharm 2022.3.2\bin;;C:\Users\USER\AppData\Local\Programs\Microsoft VS Code\bin;C:\Program Files\JetBrains\IntelliJ IDEA Community Edition 2023.3.2\bin;;C:\Users\USER\AppData\Local\GitHubDesktop\bin;C:\Windsurf\bin;C:\cursor\resources\app\bin;C:\Users\USER\AppData\Roaming\npm
USERNAME=USER
OS=Windows_NT
PROCESSOR_IDENTIFIER=AMD64 Family 23 Model 104 Stepping 1, AuthenticAMD



---------------  S Y S T E M  ---------------

OS:
 Windows 11 , 64 bit Build 26100 (10.0.26100.6725)
OS uptime: 1 days 18:12 hours

CPU: total 16 (initial active 16) (16 cores per cpu, 2 threads per core) family 23 model 104 stepping 1 microcode 0x8608109, cx8, cmov, fxsr, ht, mmx, 3dnowpref, sse, sse2, sse3, ssse3, sse4a, sse4.1, sse4.2, popcnt, lzcnt, tsc, tscinvbit, avx, avx2, aes, clmul, bmi1, bmi2, adx, sha, fma, vzeroupper, clflush, clflushopt

Memory: 4k page, system-wide physical 7501M (443M free)
TotalPageFile size 30029M (AvailPageFile size 0M)
current process WorkingSet (physical memory assigned to process): 69M, peak: 321M
current process commit charge ("private bytes"): 251M, peak: 370M

vm_info: Java HotSpot(TM) 64-Bit Server VM (17.0.10+11-LTS-240) for windows-amd64 JRE (17.0.10+11-LTS-240), built on Dec 19 2023 21:47:25 by "mach5one" with MS VC++ 17.1 (VS2022)

END.
